#
# There is insufficient memory for the Java Runtime Environment to continue.
# Native memory allocation (malloc) failed to allocate 400976 bytes for Chunk::new
# Possible reasons:
#   The system is out of physical RAM or swap space
#   The process is running with CompressedOops enabled, and the Java Heap may be blocking the growth of the native heap
# Possible solutions:
#   Reduce memory load on the system
#   Increase physical memory or swap space
#   Check if swap backing store is full
#   Decrease Java heap size (-Xmx/-Xms)
#   Decrease number of Java threads
#   Decrease Java thread stack sizes (-Xss)
#   Set larger code cache with -XX:ReservedCodeCacheSize=
#   JVM is running with Unscaled Compressed Oops mode in which the Java heap is
#     placed in the first 4GB address space. The Java Heap base address is the
#     maximum limit for the native heap growth. Please use -XX:HeapBaseMinAddress
#     to set the Java Heap base and to place the Java Heap above 4GB virtual address.
# This output file may be truncated or incomplete.
#
#  Out of Memory Error (./open/src/hotspot/share/memory/arena.cpp:197), pid=30780, tid=40044
#
# JRE version: Java(TM) SE Runtime Environment 18.9 (11.0.13+10) (build 11.0.13+10-LTS-370)
# Java VM: Java HotSpot(TM) 64-Bit Server VM 18.9 (11.0.13+10-LTS-370, mixed mode, tiered, compressed oops, g1 gc, windows-amd64)
# No core dump will be written. Minidumps are not enabled by default on client versions of Windows
#

---------------  S U M M A R Y ------------

Command Line: -Dclassworlds.conf=C:\Program Files\NetBeans-12.5\netbeans\java\maven\bin\..\bin\m2.conf -Dmaven.home=C:\Program Files\NetBeans-12.5\netbeans\java\maven\bin\.. -Dlibrary.jansi.path=C:\Program Files\NetBeans-12.5\netbeans\java\maven\bin\..\lib\jansi-native -Dmaven.multiModuleProjectDirectory=C:\Users\Zaki\Documents\NetBeansProjects\ZacksTp1CustomerApp org.codehaus.plexus.classworlds.launcher.Launcher -Dmaven.ext.class.path=C:\Program Files\NetBeans-12.5\netbeans\java\maven-nblib\netbeans-eventspy.jar -Dfile.encoding=UTF-8 install

Host: AMD Ryzen 5 2500U with Radeon Vega Mobile Gfx  , 8 cores, 7G,  Windows 10 , 64 bit Build 19041 (10.0.19041.1202)
Time: Fri Nov 12 22:23:09 2021 Morocco Daylight Time elapsed time: 46.536407 seconds (0d 0h 0m 46s)

---------------  T H R E A D  ---------------

Current thread (0x000001f1cf370800):  JavaThread "C2 CompilerThread0" daemon [_thread_in_native, id=40044, stack(0x000000c70e400000,0x000000c70e500000)]


Current CompileTask:
C2:  46536 1675       4       java.lang.reflect.ProxyGenerator$ConstantPool::getValue (87 bytes)

Stack: [0x000000c70e400000,0x000000c70e500000]
Native frames: (J=compiled Java code, j=interpreted, Vv=VM code, C=native code)
V  [jvm.dll+0x62870a]
V  [jvm.dll+0x761f2f]
V  [jvm.dll+0x7635d9]
V  [jvm.dll+0x763c63]
V  [jvm.dll+0x23d728]
V  [jvm.dll+0xb293c]
V  [jvm.dll+0xb2efc]
V  [jvm.dll+0x3408b7]
V  [jvm.dll+0x30e603]
V  [jvm.dll+0x30d94a]
V  [jvm.dll+0x1f8255]
V  [jvm.dll+0x1f743d]
V  [jvm.dll+0x177991]
V  [jvm.dll+0x206d84]
V  [jvm.dll+0x204ebb]
V  [jvm.dll+0x727e70]
V  [jvm.dll+0x720a54]
V  [jvm.dll+0x627606]
C  [ucrtbase.dll+0x21bb2]
C  [KERNEL32.DLL+0x17034]
C  [ntdll.dll+0x52651]


---------------  P R O C E S S  ---------------

Threads class SMR info:
_java_thread_list=0x000001f1cfd7b9d0, length=10, elements={
0x000001f1b17c0800, 0x000001f1cf34d800, 0x000001f1cf34e800, 0x000001f1cf369800,
0x000001f1cf36b800, 0x000001f1cf36c800, 0x000001f1cf370800, 0x000001f1cf372000,
0x000001f1cf389800, 0x000001f1cfdbf000
}

Java Threads: ( => current thread )
  0x000001f1b17c0800 JavaThread "main" [_thread_in_Java, id=43152, stack(0x000000c70d800000,0x000000c70d900000)]
  0x000001f1cf34d800 JavaThread "Reference Handler" daemon [_thread_blocked, id=42908, stack(0x000000c70df00000,0x000000c70e000000)]
  0x000001f1cf34e800 JavaThread "Finalizer" daemon [_thread_blocked, id=39648, stack(0x000000c70e000000,0x000000c70e100000)]
  0x000001f1cf369800 JavaThread "Signal Dispatcher" daemon [_thread_blocked, id=42328, stack(0x000000c70e100000,0x000000c70e200000)]
  0x000001f1cf36b800 JavaThread "Attach Listener" daemon [_thread_blocked, id=36748, stack(0x000000c70e200000,0x000000c70e300000)]
  0x000001f1cf36c800 JavaThread "Service Thread" daemon [_thread_blocked, id=31528, stack(0x000000c70e300000,0x000000c70e400000)]
=>0x000001f1cf370800 JavaThread "C2 CompilerThread0" daemon [_thread_in_native, id=40044, stack(0x000000c70e400000,0x000000c70e500000)]
  0x000001f1cf372000 JavaThread "C1 CompilerThread0" daemon [_thread_blocked, id=27204, stack(0x000000c70e500000,0x000000c70e600000)]
  0x000001f1cf389800 JavaThread "Sweeper thread" daemon [_thread_blocked, id=19568, stack(0x000000c70e600000,0x000000c70e700000)]
  0x000001f1cfdbf000 JavaThread "Common-Cleaner" daemon [_thread_blocked, id=41352, stack(0x000000c70e800000,0x000000c70e900000)]

Other Threads:
  0x000001f1cf317000 VMThread "VM Thread" [stack: 0x000000c70de00000,0x000000c70df00000] [id=24684]
  0x000001f1cfdbd800 WatcherThread [stack: 0x000000c70e700000,0x000000c70e800000] [id=21460]
  0x000001f1b17d4800 GCTaskThread "GC Thread#0" [stack: 0x000000c70d900000,0x000000c70da00000] [id=34412]
  0x000001f1d0630800 GCTaskThread "GC Thread#1" [stack: 0x000000c70e900000,0x000000c70ea00000] [id=44976]
  0x000001f1b17fe800 ConcurrentGCThread "G1 Main Marker" [stack: 0x000000c70da00000,0x000000c70db00000] [id=36260]
  0x000001f1b1800000 ConcurrentGCThread "G1 Conc#0" [stack: 0x000000c70db00000,0x000000c70dc00000] [id=37052]
  0x000001f1b188e000 ConcurrentGCThread "G1 Refine#0" [stack: 0x000000c70dc00000,0x000000c70dd00000] [id=25228]
  0x000001f1b188f000 ConcurrentGCThread "G1 Young RemSet Sampling" [stack: 0x000000c70dd00000,0x000000c70de00000] [id=36208]

Threads with active compile tasks:
C2 CompilerThread0  46594 1675       4       java.lang.reflect.ProxyGenerator$ConstantPool::getValue (87 bytes)

VM state:not at safepoint (normal execution)

VM Mutex/Monitor currently owned by a thread: None

Heap address: 0x0000000087200000, size: 1934 MB, Compressed Oops mode: 32-bit
Narrow klass base: 0x0000000000000000, Narrow klass shift: 3
Compressed class space size: 1073741824 Address: 0x0000000100000000

Heap:
 garbage-first heap   total 124928K, used 38302K [0x0000000087200000, 0x0000000100000000)
  region size 1024K, 38 young (38912K), 3 survivors (3072K)
 Metaspace       used 16807K, capacity 16990K, committed 17024K, reserved 1064960K
  class space    used 1814K, capacity 1909K, committed 1920K, reserved 1048576K
Heap Regions: E=young(eden), S=young(survivor), O=old, HS=humongous(starts), HC=humongous(continues), CS=collection set, F=free, A=archive, TAMS=top-at-mark-start (previous, next)
|   0|0x0000000087200000, 0x0000000087267a00, 0x0000000087300000| 40%| O|  |TAMS 0x0000000087200000, 0x0000000087200000| Untracked 
|   1|0x0000000087300000, 0x0000000087300000, 0x0000000087400000|  0%| F|  |TAMS 0x0000000087300000, 0x0000000087300000| Untracked 
|   2|0x0000000087400000, 0x0000000087400000, 0x0000000087500000|  0%| F|  |TAMS 0x0000000087400000, 0x0000000087400000| Untracked 
|   3|0x0000000087500000, 0x0000000087500000, 0x0000000087600000|  0%| F|  |TAMS 0x0000000087500000, 0x0000000087500000| Untracked 
|   4|0x0000000087600000, 0x0000000087600000, 0x0000000087700000|  0%| F|  |TAMS 0x0000000087600000, 0x0000000087600000| Untracked 
|   5|0x0000000087700000, 0x0000000087700000, 0x0000000087800000|  0%| F|  |TAMS 0x0000000087700000, 0x0000000087700000| Untracked 
|   6|0x0000000087800000, 0x0000000087800000, 0x0000000087900000|  0%| F|  |TAMS 0x0000000087800000, 0x0000000087800000| Untracked 
|   7|0x0000000087900000, 0x0000000087900000, 0x0000000087a00000|  0%| F|  |TAMS 0x0000000087900000, 0x0000000087900000| Untracked 
|   8|0x0000000087a00000, 0x0000000087a00000, 0x0000000087b00000|  0%| F|  |TAMS 0x0000000087a00000, 0x0000000087a00000| Untracked 
|   9|0x0000000087b00000, 0x0000000087b00000, 0x0000000087c00000|  0%| F|  |TAMS 0x0000000087b00000, 0x0000000087b00000| Untracked 
|  10|0x0000000087c00000, 0x0000000087c00000, 0x0000000087d00000|  0%| F|  |TAMS 0x0000000087c00000, 0x0000000087c00000| Untracked 
|  11|0x0000000087d00000, 0x0000000087d00000, 0x0000000087e00000|  0%| F|  |TAMS 0x0000000087d00000, 0x0000000087d00000| Untracked 
|  12|0x0000000087e00000, 0x0000000087e00000, 0x0000000087f00000|  0%| F|  |TAMS 0x0000000087e00000, 0x0000000087e00000| Untracked 
|  13|0x0000000087f00000, 0x0000000087f00000, 0x0000000088000000|  0%| F|  |TAMS 0x0000000087f00000, 0x0000000087f00000| Untracked 
|  14|0x0000000088000000, 0x0000000088000000, 0x0000000088100000|  0%| F|  |TAMS 0x0000000088000000, 0x0000000088000000| Untracked 
|  15|0x0000000088100000, 0x0000000088100000, 0x0000000088200000|  0%| F|  |TAMS 0x0000000088100000, 0x0000000088100000| Untracked 
|  16|0x0000000088200000, 0x0000000088200000, 0x0000000088300000|  0%| F|  |TAMS 0x0000000088200000, 0x0000000088200000| Untracked 
|  17|0x0000000088300000, 0x0000000088300000, 0x0000000088400000|  0%| F|  |TAMS 0x0000000088300000, 0x0000000088300000| Untracked 
|  18|0x0000000088400000, 0x0000000088400000, 0x0000000088500000|  0%| F|  |TAMS 0x0000000088400000, 0x0000000088400000| Untracked 
|  19|0x0000000088500000, 0x0000000088500000, 0x0000000088600000|  0%| F|  |TAMS 0x0000000088500000, 0x0000000088500000| Untracked 
|  20|0x0000000088600000, 0x0000000088600000, 0x0000000088700000|  0%| F|  |TAMS 0x0000000088600000, 0x0000000088600000| Untracked 
|  21|0x0000000088700000, 0x0000000088700000, 0x0000000088800000|  0%| F|  |TAMS 0x0000000088700000, 0x0000000088700000| Untracked 
|  22|0x0000000088800000, 0x0000000088800000, 0x0000000088900000|  0%| F|  |TAMS 0x0000000088800000, 0x0000000088800000| Untracked 
|  23|0x0000000088900000, 0x0000000088900000, 0x0000000088a00000|  0%| F|  |TAMS 0x0000000088900000, 0x0000000088900000| Untracked 
|  24|0x0000000088a00000, 0x0000000088a00000, 0x0000000088b00000|  0%| F|  |TAMS 0x0000000088a00000, 0x0000000088a00000| Untracked 
|  25|0x0000000088b00000, 0x0000000088b00000, 0x0000000088c00000|  0%| F|  |TAMS 0x0000000088b00000, 0x0000000088b00000| Untracked 
|  26|0x0000000088c00000, 0x0000000088c00000, 0x0000000088d00000|  0%| F|  |TAMS 0x0000000088c00000, 0x0000000088c00000| Untracked 
|  27|0x0000000088d00000, 0x0000000088d00000, 0x0000000088e00000|  0%| F|  |TAMS 0x0000000088d00000, 0x0000000088d00000| Untracked 
|  28|0x0000000088e00000, 0x0000000088e00000, 0x0000000088f00000|  0%| F|  |TAMS 0x0000000088e00000, 0x0000000088e00000| Untracked 
|  29|0x0000000088f00000, 0x0000000088f00000, 0x0000000089000000|  0%| F|  |TAMS 0x0000000088f00000, 0x0000000088f00000| Untracked 
|  30|0x0000000089000000, 0x0000000089000000, 0x0000000089100000|  0%| F|  |TAMS 0x0000000089000000, 0x0000000089000000| Untracked 
|  31|0x0000000089100000, 0x0000000089100000, 0x0000000089200000|  0%| F|  |TAMS 0x0000000089100000, 0x0000000089100000| Untracked 
|  32|0x0000000089200000, 0x0000000089200000, 0x0000000089300000|  0%| F|  |TAMS 0x0000000089200000, 0x0000000089200000| Untracked 
|  33|0x0000000089300000, 0x0000000089300000, 0x0000000089400000|  0%| F|  |TAMS 0x0000000089300000, 0x0000000089300000| Untracked 
|  34|0x0000000089400000, 0x0000000089400000, 0x0000000089500000|  0%| F|  |TAMS 0x0000000089400000, 0x0000000089400000| Untracked 
|  35|0x0000000089500000, 0x0000000089500000, 0x0000000089600000|  0%| F|  |TAMS 0x0000000089500000, 0x0000000089500000| Untracked 
|  36|0x0000000089600000, 0x0000000089600000, 0x0000000089700000|  0%| F|  |TAMS 0x0000000089600000, 0x0000000089600000| Untracked 
|  37|0x0000000089700000, 0x0000000089700000, 0x0000000089800000|  0%| F|  |TAMS 0x0000000089700000, 0x0000000089700000| Untracked 
|  38|0x0000000089800000, 0x0000000089800000, 0x0000000089900000|  0%| F|  |TAMS 0x0000000089800000, 0x0000000089800000| Untracked 
|  39|0x0000000089900000, 0x0000000089900000, 0x0000000089a00000|  0%| F|  |TAMS 0x0000000089900000, 0x0000000089900000| Untracked 
|  40|0x0000000089a00000, 0x0000000089a00000, 0x0000000089b00000|  0%| F|  |TAMS 0x0000000089a00000, 0x0000000089a00000| Untracked 
|  41|0x0000000089b00000, 0x0000000089b00000, 0x0000000089c00000|  0%| F|  |TAMS 0x0000000089b00000, 0x0000000089b00000| Untracked 
|  42|0x0000000089c00000, 0x0000000089c00000, 0x0000000089d00000|  0%| F|  |TAMS 0x0000000089c00000, 0x0000000089c00000| Untracked 
|  43|0x0000000089d00000, 0x0000000089d00000, 0x0000000089e00000|  0%| F|  |TAMS 0x0000000089d00000, 0x0000000089d00000| Untracked 
|  44|0x0000000089e00000, 0x0000000089e00000, 0x0000000089f00000|  0%| F|  |TAMS 0x0000000089e00000, 0x0000000089e00000| Untracked 
|  45|0x0000000089f00000, 0x0000000089f00000, 0x000000008a000000|  0%| F|  |TAMS 0x0000000089f00000, 0x0000000089f00000| Untracked 
|  46|0x000000008a000000, 0x000000008a000000, 0x000000008a100000|  0%| F|  |TAMS 0x000000008a000000, 0x000000008a000000| Untracked 
|  47|0x000000008a100000, 0x000000008a100000, 0x000000008a200000|  0%| F|  |TAMS 0x000000008a100000, 0x000000008a100000| Untracked 
|  48|0x000000008a200000, 0x000000008a200000, 0x000000008a300000|  0%| F|  |TAMS 0x000000008a200000, 0x000000008a200000| Untracked 
|  49|0x000000008a300000, 0x000000008a300000, 0x000000008a400000|  0%| F|  |TAMS 0x000000008a300000, 0x000000008a300000| Untracked 
|  50|0x000000008a400000, 0x000000008a400000, 0x000000008a500000|  0%| F|  |TAMS 0x000000008a400000, 0x000000008a400000| Untracked 
|  51|0x000000008a500000, 0x000000008a500000, 0x000000008a600000|  0%| F|  |TAMS 0x000000008a500000, 0x000000008a500000| Untracked 
|  52|0x000000008a600000, 0x000000008a600000, 0x000000008a700000|  0%| F|  |TAMS 0x000000008a600000, 0x000000008a600000| Untracked 
|  53|0x000000008a700000, 0x000000008a700000, 0x000000008a800000|  0%| F|  |TAMS 0x000000008a700000, 0x000000008a700000| Untracked 
|  54|0x000000008a800000, 0x000000008a800000, 0x000000008a900000|  0%| F|  |TAMS 0x000000008a800000, 0x000000008a800000| Untracked 
|  55|0x000000008a900000, 0x000000008a900000, 0x000000008aa00000|  0%| F|  |TAMS 0x000000008a900000, 0x000000008a900000| Untracked 
|  56|0x000000008aa00000, 0x000000008aa00000, 0x000000008ab00000|  0%| F|  |TAMS 0x000000008aa00000, 0x000000008aa00000| Untracked 
|  57|0x000000008ab00000, 0x000000008ab00000, 0x000000008ac00000|  0%| F|  |TAMS 0x000000008ab00000, 0x000000008ab00000| Untracked 
|  58|0x000000008ac00000, 0x000000008ac00000, 0x000000008ad00000|  0%| F|  |TAMS 0x000000008ac00000, 0x000000008ac00000| Untracked 
|  59|0x000000008ad00000, 0x000000008ad00000, 0x000000008ae00000|  0%| F|  |TAMS 0x000000008ad00000, 0x000000008ad00000| Untracked 
|  60|0x000000008ae00000, 0x000000008ae00000, 0x000000008af00000|  0%| F|  |TAMS 0x000000008ae00000, 0x000000008ae00000| Untracked 
|  61|0x000000008af00000, 0x000000008af00000, 0x000000008b000000|  0%| F|  |TAMS 0x000000008af00000, 0x000000008af00000| Untracked 
|  62|0x000000008b000000, 0x000000008b000000, 0x000000008b100000|  0%| F|  |TAMS 0x000000008b000000, 0x000000008b000000| Untracked 
|  63|0x000000008b100000, 0x000000008b100000, 0x000000008b200000|  0%| F|  |TAMS 0x000000008b100000, 0x000000008b100000| Untracked 
|  64|0x000000008b200000, 0x000000008b200000, 0x000000008b300000|  0%| F|  |TAMS 0x000000008b200000, 0x000000008b200000| Untracked 
|  65|0x000000008b300000, 0x000000008b300000, 0x000000008b400000|  0%| F|  |TAMS 0x000000008b300000, 0x000000008b300000| Untracked 
|  66|0x000000008b400000, 0x000000008b400000, 0x000000008b500000|  0%| F|  |TAMS 0x000000008b400000, 0x000000008b400000| Untracked 
|  67|0x000000008b500000, 0x000000008b500000, 0x000000008b600000|  0%| F|  |TAMS 0x000000008b500000, 0x000000008b500000| Untracked 
|  68|0x000000008b600000, 0x000000008b600000, 0x000000008b700000|  0%| F|  |TAMS 0x000000008b600000, 0x000000008b600000| Untracked 
|  69|0x000000008b700000, 0x000000008b700000, 0x000000008b800000|  0%| F|  |TAMS 0x000000008b700000, 0x000000008b700000| Untracked 
|  70|0x000000008b800000, 0x000000008b800000, 0x000000008b900000|  0%| F|  |TAMS 0x000000008b800000, 0x000000008b800000| Untracked 
|  71|0x000000008b900000, 0x000000008b900000, 0x000000008ba00000|  0%| F|  |TAMS 0x000000008b900000, 0x000000008b900000| Untracked 
|  72|0x000000008ba00000, 0x000000008ba00000, 0x000000008bb00000|  0%| F|  |TAMS 0x000000008ba00000, 0x000000008ba00000| Untracked 
|  73|0x000000008bb00000, 0x000000008bb00000, 0x000000008bc00000|  0%| F|  |TAMS 0x000000008bb00000, 0x000000008bb00000| Untracked 
|  74|0x000000008bc00000, 0x000000008bc00000, 0x000000008bd00000|  0%| F|  |TAMS 0x000000008bc00000, 0x000000008bc00000| Untracked 
|  75|0x000000008bd00000, 0x000000008bd00000, 0x000000008be00000|  0%| F|  |TAMS 0x000000008bd00000, 0x000000008bd00000| Untracked 
|  76|0x000000008be00000, 0x000000008be00000, 0x000000008bf00000|  0%| F|  |TAMS 0x000000008be00000, 0x000000008be00000| Untracked 
|  77|0x000000008bf00000, 0x000000008bf00000, 0x000000008c000000|  0%| F|  |TAMS 0x000000008bf00000, 0x000000008bf00000| Untracked 
|  78|0x000000008c000000, 0x000000008c000000, 0x000000008c100000|  0%| F|  |TAMS 0x000000008c000000, 0x000000008c000000| Untracked 
|  79|0x000000008c100000, 0x000000008c100000, 0x000000008c200000|  0%| F|  |TAMS 0x000000008c100000, 0x000000008c100000| Untracked 
|  80|0x000000008c200000, 0x000000008c200000, 0x000000008c300000|  0%| F|  |TAMS 0x000000008c200000, 0x000000008c200000| Untracked 
|  81|0x000000008c300000, 0x000000008c300000, 0x000000008c400000|  0%| F|  |TAMS 0x000000008c300000, 0x000000008c300000| Untracked 
|  82|0x000000008c400000, 0x000000008c400000, 0x000000008c500000|  0%| F|  |TAMS 0x000000008c400000, 0x000000008c400000| Untracked 
|  83|0x000000008c500000, 0x000000008c500000, 0x000000008c600000|  0%| F|  |TAMS 0x000000008c500000, 0x000000008c500000| Untracked 
|  84|0x000000008c600000, 0x000000008c680800, 0x000000008c700000| 50%| E|  |TAMS 0x000000008c600000, 0x000000008c600000| Complete 
|  85|0x000000008c700000, 0x000000008c800000, 0x000000008c800000|100%| E|CS|TAMS 0x000000008c700000, 0x000000008c700000| Complete 
|  86|0x000000008c800000, 0x000000008c900000, 0x000000008c900000|100%| E|CS|TAMS 0x000000008c800000, 0x000000008c800000| Complete 
|  87|0x000000008c900000, 0x000000008ca00000, 0x000000008ca00000|100%| E|CS|TAMS 0x000000008c900000, 0x000000008c900000| Complete 
|  88|0x000000008ca00000, 0x000000008cb00000, 0x000000008cb00000|100%| E|CS|TAMS 0x000000008ca00000, 0x000000008ca00000| Complete 
|  89|0x000000008cb00000, 0x000000008cc00000, 0x000000008cc00000|100%| E|CS|TAMS 0x000000008cb00000, 0x000000008cb00000| Complete 
|  90|0x000000008cc00000, 0x000000008cd00000, 0x000000008cd00000|100%| E|CS|TAMS 0x000000008cc00000, 0x000000008cc00000| Complete 
|  91|0x000000008cd00000, 0x000000008ce00000, 0x000000008ce00000|100%| E|CS|TAMS 0x000000008cd00000, 0x000000008cd00000| Complete 
|  92|0x000000008ce00000, 0x000000008cf00000, 0x000000008cf00000|100%| E|CS|TAMS 0x000000008ce00000, 0x000000008ce00000| Complete 
|  93|0x000000008cf00000, 0x000000008d000000, 0x000000008d000000|100%| E|CS|TAMS 0x000000008cf00000, 0x000000008cf00000| Complete 
|  94|0x000000008d000000, 0x000000008d100000, 0x000000008d100000|100%| E|CS|TAMS 0x000000008d000000, 0x000000008d000000| Complete 
|  95|0x000000008d100000, 0x000000008d200000, 0x000000008d200000|100%| S|CS|TAMS 0x000000008d100000, 0x000000008d100000| Complete 
|  96|0x000000008d200000, 0x000000008d300000, 0x000000008d300000|100%| S|CS|TAMS 0x000000008d200000, 0x000000008d200000| Complete 
|  97|0x000000008d300000, 0x000000008d400000, 0x000000008d400000|100%| S|CS|TAMS 0x000000008d300000, 0x000000008d300000| Complete 
|  98|0x000000008d400000, 0x000000008d500000, 0x000000008d500000|100%| E|CS|TAMS 0x000000008d400000, 0x000000008d400000| Complete 
|  99|0x000000008d500000, 0x000000008d600000, 0x000000008d600000|100%| E|CS|TAMS 0x000000008d500000, 0x000000008d500000| Complete 
| 100|0x000000008d600000, 0x000000008d700000, 0x000000008d700000|100%| E|CS|TAMS 0x000000008d600000, 0x000000008d600000| Complete 
| 101|0x000000008d700000, 0x000000008d800000, 0x000000008d800000|100%| E|CS|TAMS 0x000000008d700000, 0x000000008d700000| Complete 
| 102|0x000000008d800000, 0x000000008d900000, 0x000000008d900000|100%| E|CS|TAMS 0x000000008d800000, 0x000000008d800000| Complete 
| 103|0x000000008d900000, 0x000000008da00000, 0x000000008da00000|100%| E|CS|TAMS 0x000000008d900000, 0x000000008d900000| Complete 
| 104|0x000000008da00000, 0x000000008db00000, 0x000000008db00000|100%| E|CS|TAMS 0x000000008da00000, 0x000000008da00000| Complete 
| 105|0x000000008db00000, 0x000000008dc00000, 0x000000008dc00000|100%| E|CS|TAMS 0x000000008db00000, 0x000000008db00000| Complete 
| 106|0x000000008dc00000, 0x000000008dd00000, 0x000000008dd00000|100%| E|CS|TAMS 0x000000008dc00000, 0x000000008dc00000| Complete 
| 107|0x000000008dd00000, 0x000000008de00000, 0x000000008de00000|100%| E|CS|TAMS 0x000000008dd00000, 0x000000008dd00000| Complete 
| 108|0x000000008de00000, 0x000000008df00000, 0x000000008df00000|100%| E|CS|TAMS 0x000000008de00000, 0x000000008de00000| Complete 
| 109|0x000000008df00000, 0x000000008e000000, 0x000000008e000000|100%| E|CS|TAMS 0x000000008df00000, 0x000000008df00000| Complete 
| 110|0x000000008e000000, 0x000000008e100000, 0x000000008e100000|100%| E|CS|TAMS 0x000000008e000000, 0x000000008e000000| Complete 
| 111|0x000000008e100000, 0x000000008e200000, 0x000000008e200000|100%| E|CS|TAMS 0x000000008e100000, 0x000000008e100000| Complete 
| 112|0x000000008e200000, 0x000000008e300000, 0x000000008e300000|100%| E|CS|TAMS 0x000000008e200000, 0x000000008e200000| Complete 
| 113|0x000000008e300000, 0x000000008e400000, 0x000000008e400000|100%| E|CS|TAMS 0x000000008e300000, 0x000000008e300000| Complete 
| 114|0x000000008e400000, 0x000000008e500000, 0x000000008e500000|100%| E|CS|TAMS 0x000000008e400000, 0x000000008e400000| Complete 
| 115|0x000000008e500000, 0x000000008e600000, 0x000000008e600000|100%| E|CS|TAMS 0x000000008e500000, 0x000000008e500000| Complete 
| 116|0x000000008e600000, 0x000000008e700000, 0x000000008e700000|100%| E|CS|TAMS 0x000000008e600000, 0x000000008e600000| Complete 
| 117|0x000000008e700000, 0x000000008e800000, 0x000000008e800000|100%| E|CS|TAMS 0x000000008e700000, 0x000000008e700000| Complete 
| 118|0x000000008e800000, 0x000000008e900000, 0x000000008e900000|100%| E|CS|TAMS 0x000000008e800000, 0x000000008e800000| Complete 
| 119|0x000000008e900000, 0x000000008ea00000, 0x000000008ea00000|100%| E|CS|TAMS 0x000000008e900000, 0x000000008e900000| Complete 
| 120|0x000000008ea00000, 0x000000008eb00000, 0x000000008eb00000|100%| E|CS|TAMS 0x000000008ea00000, 0x000000008ea00000| Complete 
| 121|0x000000008eb00000, 0x000000008ec00000, 0x000000008ec00000|100%| E|CS|TAMS 0x000000008eb00000, 0x000000008eb00000| Complete 

Card table byte_map: [0x000001f1c84f0000,0x000001f1c88c0000] _byte_map_base: 0x000001f1c80b7000

Marking Bits (Prev, Next): (CMBitMap*) 0x000001f1b17f6488, (CMBitMap*) 0x000001f1b17f64c0
 Prev Bits: [0x000001f1c8c90000, 0x000001f1caac8000)
 Next Bits: [0x000001f1caad0000, 0x000001f1cc908000)

Polling page: 0x000001f1b0fa0000

Metaspace:

Usage:
  Non-class:     14.73 MB capacity,    14.64 MB (>99%) used,    70.47 KB ( <1%) free+waste,    17.06 KB ( <1%) overhead. 
      Class:      1.86 MB capacity,     1.77 MB ( 95%) used,    87.80 KB (  5%) free+waste,     7.06 KB ( <1%) overhead. 
       Both:     16.59 MB capacity,    16.41 MB ( 99%) used,   158.27 KB ( <1%) free+waste,    24.13 KB ( <1%) overhead. 

Virtual space:
  Non-class space:       16.00 MB reserved,      14.75 MB ( 92%) committed 
      Class space:        1.00 GB reserved,       1.88 MB ( <1%) committed 
             Both:        1.02 GB reserved,      16.63 MB (  2%) committed 

Chunk freelists:
   Non-Class:  2.88 KB
       Class:  1.38 KB
        Both:  4.25 KB

CodeHeap 'non-profiled nmethods': size=120000Kb used=587Kb max_used=587Kb free=119412Kb
 bounds [0x000001f1c08c0000, 0x000001f1c0b30000, 0x000001f1c7df0000]
CodeHeap 'profiled nmethods': size=120000Kb used=3421Kb max_used=3421Kb free=116578Kb
 bounds [0x000001f1b9390000, 0x000001f1b96f0000, 0x000001f1c08c0000]
CodeHeap 'non-nmethods': size=5760Kb used=1092Kb max_used=1106Kb free=4667Kb
 bounds [0x000001f1b8df0000, 0x000001f1b9060000, 0x000001f1b9390000]
 total_blobs=2077 nmethods=1678 adapters=310
 compilation: enabled
              stopped_count=0, restarted_count=0
 full_count=0

Compilation events (10 events):
Event: 46.489 Thread 0x000001f1cf372000 nmethod 1679 0x000001f1b96e4a90 code [0x000001f1b96e4ce0, 0x000001f1b96e5628]
Event: 46.490 Thread 0x000001f1cf372000 1680       3       java.util.HashSet::size (8 bytes)
Event: 46.490 Thread 0x000001f1cf372000 nmethod 1680 0x000001f1b96e5990 code [0x000001f1b96e5b20, 0x000001f1b96e5cb8]
Event: 46.498 Thread 0x000001f1cf372000 1681       3       com.google.inject.internal.Scoping::isExplicitlyScoped (13 bytes)
Event: 46.499 Thread 0x000001f1cf372000 nmethod 1681 0x000001f1b96e5d90 code [0x000001f1b96e5f20, 0x000001f1b96e6078]
Event: 46.504 Thread 0x000001f1cf372000 1682       1       com.google.inject.internal.ProviderToInternalFactoryAdapter::getInjector (5 bytes)
Event: 46.505 Thread 0x000001f1cf372000 nmethod 1682 0x000001f1c0952b90 code [0x000001f1c0952d20, 0x000001f1c0952dd8]
Event: 46.509 Thread 0x000001f1cf372000 1683       3       java.lang.Class$AnnotationData::<init> (20 bytes)
Event: 46.509 Thread 0x000001f1cf372000 nmethod 1683 0x000001f1b96e6110 code [0x000001f1b96e62c0, 0x000001f1b96e64d8]
Event: 46.510 Thread 0x000001f1cf372000 1684       3       java.lang.Class::getEnclosingClass (69 bytes)

GC Heap History (2 events):
Event: 27.275 GC heap before
{Heap before GC invocations=0 (full 0):
 garbage-first heap   total 124928K, used 24576K [0x0000000087200000, 0x0000000100000000)
  region size 1024K, 24 young (24576K), 0 survivors (0K)
 Metaspace       used 12288K, capacity 12468K, committed 12672K, reserved 1060864K
  class space    used 1240K, capacity 1348K, committed 1408K, reserved 1048576K
}
Event: 27.838 GC heap after
{Heap after GC invocations=1 (full 0):
 garbage-first heap   total 124928K, used 3486K [0x0000000087200000, 0x0000000100000000)
  region size 1024K, 3 young (3072K), 3 survivors (3072K)
 Metaspace       used 12288K, capacity 12468K, committed 12672K, reserved 1060864K
  class space    used 1240K, capacity 1348K, committed 1408K, reserved 1048576K
}

Deoptimization events (10 events):
Event: 27.980 Thread 0x000001f1b17c0800 Uncommon trap: reason=bimorphic_or_optimized_type_check action=maybe_recompile pc=0x000001f1c0914eac method=java.util.HashMap.getNode(ILjava/lang/Object;)Ljava/util/HashMap$Node; @ 126 c2
Event: 27.982 Thread 0x000001f1b17c0800 Uncommon trap: reason=bimorphic_or_optimized_type_check action=maybe_recompile pc=0x000001f1c0914eac method=java.util.HashMap.getNode(ILjava/lang/Object;)Ljava/util/HashMap$Node; @ 126 c2
Event: 27.990 Thread 0x000001f1b17c0800 Uncommon trap: reason=bimorphic_or_optimized_type_check action=maybe_recompile pc=0x000001f1c090524c method=java.util.HashMap.getNode(ILjava/lang/Object;)Ljava/util/HashMap$Node; @ 126 c2
Event: 29.952 Thread 0x000001f1b17c0800 Uncommon trap: reason=unstable_if action=reinterpret pc=0x000001f1c0916888 method=java.util.HashMap.getNode(ILjava/lang/Object;)Ljava/util/HashMap$Node; @ 129 c2
Event: 29.952 Thread 0x000001f1b17c0800 Uncommon trap: reason=class_check action=maybe_recompile pc=0x000001f1c091d5f8 method=java.util.HashMap.putVal(ILjava/lang/Object;Ljava/lang/Object;ZZ)Ljava/lang/Object; @ 203 c2
Event: 30.015 Thread 0x000001f1b17c0800 Uncommon trap: reason=class_check action=maybe_recompile pc=0x000001f1c091d5f8 method=java.util.HashMap.putVal(ILjava/lang/Object;Ljava/lang/Object;ZZ)Ljava/lang/Object; @ 203 c2
Event: 30.042 Thread 0x000001f1b17c0800 Uncommon trap: reason=class_check action=maybe_recompile pc=0x000001f1c091d5f8 method=java.util.HashMap.putVal(ILjava/lang/Object;Ljava/lang/Object;ZZ)Ljava/lang/Object; @ 203 c2
Event: 31.365 Thread 0x000001f1b17c0800 Uncommon trap: reason=unstable_if action=reinterpret pc=0x000001f1c0926048 method=java.lang.String.<init>([CIILjava/lang/Void;)V @ 5 c2
Event: 33.287 Thread 0x000001f1b17c0800 Uncommon trap: reason=unstable_if action=reinterpret pc=0x000001f1c09157a8 method=java.lang.String.<init>([CIILjava/lang/Void;)V @ 5 c2
Event: 34.135 Thread 0x000001f1b17c0800 Uncommon trap: reason=class_check action=maybe_recompile pc=0x000001f1c091d5f8 method=java.util.HashMap.putVal(ILjava/lang/Object;Ljava/lang/Object;ZZ)Ljava/lang/Object; @ 203 c2

Classes redefined (0 events):
No events

Internal exceptions (1 events):
Event: 9.858 Thread 0x000001f1b17c0800 Exception <a 'java/lang/NoSuchMethodError'{0x000000008e8ca378}: java.lang.invoke.DirectMethodHandle$Holder.invokeSpecialIFC(Ljava/lang/Object;Ljava/lang/Object;I)I> (0x000000008e8ca378) thrown at [./open/src/hotspot/share/interpreter/linkResolver.cpp, lin

Events (10 events):
Event: 46.455 loading class org/apache/maven/session/scope/internal/SessionScope$2
Event: 46.455 loading class org/apache/maven/session/scope/internal/SessionScope$2 done
Event: 46.457 loading class com/google/inject/internal/BoundProviderFactory
Event: 46.457 loading class com/google/inject/internal/BoundProviderFactory done
Event: 46.487 loading class com/google/inject/internal/AbstractBindingProcessor$Processor$1
Event: 46.487 loading class com/google/inject/internal/AbstractBindingProcessor$Processor$1 done
Event: 46.495 loading class com/google/inject/internal/UntargettedBindingProcessor
Event: 46.495 loading class com/google/inject/internal/UntargettedBindingProcessor done
Event: 46.496 loading class com/google/inject/internal/UntargettedBindingProcessor$1
Event: 46.496 loading class com/google/inject/internal/UntargettedBindingProcessor$1 done


Dynamic libraries:
0x00007ff6c9fa0000 - 0x00007ff6c9faf000 	C:\Program Files\Java\jdk-11.0.13\bin\java.exe
0x00007ff90fe70000 - 0x00007ff910065000 	C:\WINDOWS\SYSTEM32\ntdll.dll
0x00007ff90fa80000 - 0x00007ff90fb3e000 	C:\WINDOWS\System32\KERNEL32.DLL
0x00007ff90d590000 - 0x00007ff90d859000 	C:\WINDOWS\System32\KERNELBASE.dll
0x00007ff90da70000 - 0x00007ff90db70000 	C:\WINDOWS\System32\ucrtbase.dll
0x00007ff906fb0000 - 0x00007ff906fc8000 	C:\Program Files\Java\jdk-11.0.13\bin\jli.dll
0x00007ff90f930000 - 0x00007ff90f9dc000 	C:\WINDOWS\System32\ADVAPI32.dll
0x00007ff90e070000 - 0x00007ff90e10e000 	C:\WINDOWS\System32\msvcrt.dll
0x00007ff90f7b0000 - 0x00007ff90f84b000 	C:\WINDOWS\System32\sechost.dll
0x00007ff908d50000 - 0x00007ff908d65000 	C:\Program Files\Java\jdk-11.0.13\bin\VCRUNTIME140.dll
0x00007ff90fcf0000 - 0x00007ff90fe1a000 	C:\WINDOWS\System32\RPCRT4.dll
0x00007ff90fb40000 - 0x00007ff90fce1000 	C:\WINDOWS\System32\USER32.dll
0x00007ff9026b0000 - 0x00007ff90294a000 	C:\WINDOWS\WinSxS\amd64_microsoft.windows.common-controls_6595b64144ccf1df_6.0.19041.1110_none_60b5254171f9507e\COMCTL32.dll
0x00007ff90db70000 - 0x00007ff90db92000 	C:\WINDOWS\System32\win32u.dll
0x00007ff90e950000 - 0x00007ff90e97b000 	C:\WINDOWS\System32\GDI32.dll
0x00007ff9057c0000 - 0x00007ff9057ca000 	C:\WINDOWS\SYSTEM32\VERSION.dll
0x00007ff90ddb0000 - 0x00007ff90debb000 	C:\WINDOWS\System32\gdi32full.dll
0x00007ff90d9a0000 - 0x00007ff90da3d000 	C:\WINDOWS\System32\msvcp_win.dll
0x00007ff90e870000 - 0x00007ff90e8a0000 	C:\WINDOWS\System32\IMM32.DLL
0x00007ff8d3b00000 - 0x00007ff8d3b9b000 	C:\Program Files\Java\jdk-11.0.13\bin\msvcp140.dll
0x00007ff880970000 - 0x00007ff881483000 	C:\Program Files\Java\jdk-11.0.13\bin\server\jvm.dll
0x00007ff90fa70000 - 0x00007ff90fa78000 	C:\WINDOWS\System32\PSAPI.DLL
0x00007ff8f5b10000 - 0x00007ff8f5b19000 	C:\WINDOWS\SYSTEM32\WSOCK32.dll
0x00007ff90f290000 - 0x00007ff90f2fb000 	C:\WINDOWS\System32\WS2_32.dll
0x00007ff904090000 - 0x00007ff9040b7000 	C:\WINDOWS\SYSTEM32\WINMM.dll
0x00007ff90be10000 - 0x00007ff90be22000 	C:\WINDOWS\SYSTEM32\kernel.appcore.dll
0x00007ff8f0090000 - 0x00007ff8f00a0000 	C:\Program Files\Java\jdk-11.0.13\bin\verify.dll
0x00007ff8fc450000 - 0x00007ff8fc634000 	C:\WINDOWS\SYSTEM32\DBGHELP.DLL
0x00007ff8fc420000 - 0x00007ff8fc44c000 	C:\WINDOWS\SYSTEM32\dbgcore.DLL
0x00007ff90d8c0000 - 0x00007ff90d943000 	C:\WINDOWS\System32\bcryptPrimitives.dll
0x00007ff8ff9b0000 - 0x00007ff8ff9d8000 	C:\Program Files\Java\jdk-11.0.13\bin\java.dll
0x00007ff8f0000000 - 0x00007ff8f000a000 	C:\Program Files\Java\jdk-11.0.13\bin\jimage.dll
0x00007ff8e7d20000 - 0x00007ff8e7d36000 	C:\Program Files\Java\jdk-11.0.13\bin\zip.dll
0x00007ff90ea90000 - 0x00007ff90f1cf000 	C:\WINDOWS\System32\SHELL32.dll
0x00007ff90b400000 - 0x00007ff90bb90000 	C:\WINDOWS\SYSTEM32\windows.storage.dll
0x00007ff90e310000 - 0x00007ff90e665000 	C:\WINDOWS\System32\combase.dll
0x00007ff90cf10000 - 0x00007ff90cf3c000 	C:\WINDOWS\SYSTEM32\Wldp.dll
0x00007ff90e8a0000 - 0x00007ff90e94d000 	C:\WINDOWS\System32\SHCORE.dll
0x00007ff90e980000 - 0x00007ff90e9d5000 	C:\WINDOWS\System32\shlwapi.dll
0x00007ff90d4d0000 - 0x00007ff90d4ef000 	C:\WINDOWS\SYSTEM32\profapi.dll
0x00007ff8d67d0000 - 0x00007ff8d67e9000 	C:\Program Files\Java\jdk-11.0.13\bin\net.dll
0x00007ff9034e0000 - 0x00007ff9035e8000 	C:\WINDOWS\SYSTEM32\WINHTTP.dll
0x00007ff90cc70000 - 0x00007ff90ccda000 	C:\WINDOWS\system32\mswsock.dll
0x00007ff8d43b0000 - 0x00007ff8d43c2000 	C:\Program Files\Java\jdk-11.0.13\bin\nio.dll
0x00007ff8ea700000 - 0x00007ff8ea70a000 	C:\Program Files\NetBeans-12.5\netbeans\java\maven\lib\jansi-native\windows64\jansi.dll

dbghelp: loaded successfully - version: 4.0.5 - missing functions: none
symbol engine: initialized successfully - sym options: 0x614 - pdb path: .;C:\Program Files\Java\jdk-11.0.13\bin;C:\WINDOWS\SYSTEM32;C:\WINDOWS\WinSxS\amd64_microsoft.windows.common-controls_6595b64144ccf1df_6.0.19041.1110_none_60b5254171f9507e;C:\Program Files\Java\jdk-11.0.13\bin\server;C:\Program Files\NetBeans-12.5\netbeans\java\maven\lib\jansi-native\windows64

VM Arguments:
jvm_args: -Dclassworlds.conf=C:\Program Files\NetBeans-12.5\netbeans\java\maven\bin\..\bin\m2.conf -Dmaven.home=C:\Program Files\NetBeans-12.5\netbeans\java\maven\bin\.. -Dlibrary.jansi.path=C:\Program Files\NetBeans-12.5\netbeans\java\maven\bin\..\lib\jansi-native -Dmaven.multiModuleProjectDirectory=C:\Users\Zaki\Documents\NetBeansProjects\ZacksTp1CustomerApp 
java_command: org.codehaus.plexus.classworlds.launcher.Launcher -Dmaven.ext.class.path=C:\Program Files\NetBeans-12.5\netbeans\java\maven-nblib\netbeans-eventspy.jar -Dfile.encoding=UTF-8 install
java_class_path (initial): C:\Program Files\NetBeans-12.5\netbeans\java\maven\bin\..\boot\plexus-classworlds-2.6.0.jar
Launcher Type: SUN_STANDARD

[Global flags]
     intx CICompilerCount                          = 4                                         {product} {ergonomic}
     uint ConcGCThreads                            = 2                                         {product} {ergonomic}
     uint G1ConcRefinementThreads                  = 8                                         {product} {ergonomic}
   size_t G1HeapRegionSize                         = 1048576                                   {product} {ergonomic}
    uintx GCDrainStackTargetSize                   = 64                                        {product} {ergonomic}
   size_t InitialHeapSize                          = 127926272                                 {product} {ergonomic}
   size_t MarkStackSize                            = 4194304                                   {product} {ergonomic}
   size_t MaxHeapSize                              = 2027945984                                {product} {ergonomic}
   size_t MaxNewSize                               = 1216348160                                {product} {ergonomic}
   size_t MinHeapDeltaBytes                        = 1048576                                   {product} {ergonomic}
    uintx NonNMethodCodeHeapSize                   = 5836300                                {pd product} {ergonomic}
    uintx NonProfiledCodeHeapSize                  = 122910970                              {pd product} {ergonomic}
    uintx ProfiledCodeHeapSize                     = 122910970                              {pd product} {ergonomic}
    uintx ReservedCodeCacheSize                    = 251658240                              {pd product} {ergonomic}
     bool SegmentedCodeCache                       = true                                      {product} {ergonomic}
     bool UseCompressedClassPointers               = true                                 {lp64_product} {ergonomic}
     bool UseCompressedOops                        = true                                 {lp64_product} {ergonomic}
     bool UseG1GC                                  = true                                      {product} {ergonomic}
     bool UseLargePagesIndividualAllocation        = false                                  {pd product} {ergonomic}

Logging:
Log output configuration:
 #0: stdout all=warning uptime,level,tags
 #1: stderr all=off uptime,level,tags

Environment Variables:
JAVA_HOME=C:\Program Files\Java\jdk-11.0.13
PATH=C:\Program Files\Eclipse Adoptium\jdk-11.0.13.8-hotspot\bin;C:\Program Files\Common Files\Oracle\Java\javapath;C:\oracle\product\10.2.0\db_1\bin;C:\Program Files (x86)\Common Files\Oracle\Java\javapath;C:\WINDOWS\system32;C:\WINDOWS;C:\WINDOWS\System32\Wbem;C:\WINDOWS\System32\WindowsPowerShell\v1.0\;C:\WINDOWS\System32\OpenSSH\;C:\Program Files\dotnet\;C:\Program Files\Microsoft SQL Server\130\Tools\Binn\;C:\Program Files\Microsoft SQL Server\Client SDK\ODBC\170\Tools\Binn\;C:\Program Files (x86)\Microsoft SQL Server\150\Tools\Binn\;C:\Program Files\Microsoft SQL Server\150\Tools\Binn\;C:\Program Files\Microsoft SQL Server\150\DTS\Binn\;C:\Program Files (x86)\Microsoft SQL Server\150\DTS\Binn\;C:\Program Files\Git\cmd;C:\Program Files (x86)\Microsoft SQL Server\110\DTS\Binn\;C:\Program Files (x86)\Microsoft SQL Server\120\DTS\Binn\;C:\Program Files (x86)\Microsoft SQL Server\130\DTS\Binn\;C:\Program Files (x86)\Microsoft SQL Server\140\DTS\Binn\;C:\Program Files\nodejs\;C:\ProgramData\chocolatey\bin;C:\Program Files\MySQL\MySQL Shell 8.0\bin\;C:\Program Files\Java\jdk-15.0.1\bin;C:\Users\Zaki\.dotnet\tools;C:\Program Files\Azure Data Studio\bin;C:\Users\Zaki\AppData\Local\Programs\Microsoft VS Code\bin;C:\Users\Zaki\AppData\Roaming\npm;C:\Users\Zaki\AppData\Local\Microsoft\WindowsApps;C:\Users\Zaki\Desktop\flutter\bin;
USERNAME=Zaki
OS=Windows_NT
PROCESSOR_IDENTIFIER=AMD64 Family 23 Model 17 Stepping 0, AuthenticAMD



---------------  S Y S T E M  ---------------

OS: Windows 10 , 64 bit Build 19041 (10.0.19041.1202)

CPU:total 8 (initial active 8) (8 cores per cpu, 2 threads per core) family 23 model 17 stepping 0 microcode 0x0, cmov, cx8, fxsr, mmx, sse, sse2, sse3, ssse3, sse4.1, sse4.2, popcnt, avx, avx2, aes, clmul, mmxext, 3dnowpref, lzcnt, sse4a, ht, tsc, tscinvbit, tscinv, bmi1, bmi2, adx, s

Memory: 4k page, system-wide physical 7735M (125M free)
TotalPageFile size 31287M (AvailPageFile size 0M)
current process WorkingSet (physical memory assigned to process): 93M, peak: 93M
current process commit charge ("private bytes"): 220M, peak: 221M

vm_info: Java HotSpot(TM) 64-Bit Server VM (11.0.13+10-LTS-370) for windows-amd64 JRE (11.0.13+10-LTS-370), built on Sep 15 2021 22:10:36 by "mach5one" with MS VC++ 15.9 (VS2017)

END.
