#
# There is insufficient memory for the Java Runtime Environment to continue.
# Native memory allocation (malloc) failed to allocate 401136 bytes for Chunk::new
# Possible reasons:
#   The system is out of physical RAM or swap space
#   The process is running with CompressedOops enabled, and the Java Heap may be blocking the growth of the native heap
# Possible solutions:
#   Reduce memory load on the system
#   Increase physical memory or swap space
#   Check if swap backing store is full
#   Decrease Java heap size (-Xmx/-Xms)
#   Decrease number of Java threads
#   Decrease Java thread stack sizes (-Xss)
#   Set larger code cache with -XX:ReservedCodeCacheSize=
#   JVM is running with Unscaled Compressed Oops mode in which the Java heap is
#     placed in the first 4GB address space. The Java Heap base address is the
#     maximum limit for the native heap growth. Please use -XX:HeapBaseMinAddress
#     to set the Java Heap base and to place the Java Heap above 4GB virtual address.
# This output file may be truncated or incomplete.
#
#  Out of Memory Error (./open/src/hotspot/share/memory/arena.cpp:197), pid=36092, tid=40092
#
# JRE version: Java(TM) SE Runtime Environment 18.9 (11.0.13+10) (build 11.0.13+10-LTS-370)
# Java VM: Java HotSpot(TM) 64-Bit Server VM 18.9 (11.0.13+10-LTS-370, mixed mode, tiered, compressed oops, g1 gc, windows-amd64)
# No core dump will be written. Minidumps are not enabled by default on client versions of Windows
#

---------------  S U M M A R Y ------------

Command Line: -Dclassworlds.conf=C:\Program Files\NetBeans-12.5\netbeans\java\maven\bin\..\bin\m2.conf -Dmaven.home=C:\Program Files\NetBeans-12.5\netbeans\java\maven\bin\.. -Dlibrary.jansi.path=C:\Program Files\NetBeans-12.5\netbeans\java\maven\bin\..\lib\jansi-native -Dmaven.multiModuleProjectDirectory=C:\Users\Zaki\Documents\NetBeansProjects\ZacksTp1CustomerApp org.codehaus.plexus.classworlds.launcher.Launcher -Dmaven.ext.class.path=C:\Program Files\NetBeans-12.5\netbeans\java\maven-nblib\netbeans-eventspy.jar -Dfile.encoding=UTF-8 install

Host: AMD Ryzen 5 2500U with Radeon Vega Mobile Gfx  , 8 cores, 7G,  Windows 10 , 64 bit Build 19041 (10.0.19041.1202)
Time: Fri Nov 12 22:23:38 2021 Morocco Daylight Time elapsed time: 30.348292 seconds (0d 0h 0m 30s)

---------------  T H R E A D  ---------------

Current thread (0x0000019c40482000):  JavaThread "C2 CompilerThread0" daemon [_thread_in_native, id=40092, stack(0x0000004a0b100000,0x0000004a0b200000)]


Current CompileTask:
C2:  30348 1372       4       jdk.internal.loader.URLClassPath::getResource (74 bytes)

Stack: [0x0000004a0b100000,0x0000004a0b200000]
Native frames: (J=compiled Java code, j=interpreted, Vv=VM code, C=native code)
V  [jvm.dll+0x62870a]
V  [jvm.dll+0x761f2f]
V  [jvm.dll+0x7635d9]
V  [jvm.dll+0x763c63]
V  [jvm.dll+0x23d728]
V  [jvm.dll+0xb293c]
V  [jvm.dll+0xb2efc]
V  [jvm.dll+0x3408b7]
V  [jvm.dll+0x30e603]
V  [jvm.dll+0x30d94a]
V  [jvm.dll+0x1f8255]
V  [jvm.dll+0x1f743d]
V  [jvm.dll+0x177991]
V  [jvm.dll+0x206d84]
V  [jvm.dll+0x204ebb]
V  [jvm.dll+0x727e70]
V  [jvm.dll+0x720a54]
V  [jvm.dll+0x627606]
C  [ucrtbase.dll+0x21bb2]
C  [KERNEL32.DLL+0x17034]
C  [ntdll.dll+0x52651]


---------------  P R O C E S S  ---------------

Threads class SMR info:
_java_thread_list=0x0000019c40e96fc0, length=10, elements={
0x0000019c228bb000, 0x0000019c4045e800, 0x0000019c40460000, 0x0000019c4047c000,
0x0000019c4047d000, 0x0000019c4047d800, 0x0000019c40482000, 0x0000019c40483000,
0x0000019c40485000, 0x0000019c40ee2800
}

Java Threads: ( => current thread )
  0x0000019c228bb000 JavaThread "main" [_thread_in_Java, id=37208, stack(0x0000004a0a500000,0x0000004a0a600000)]
  0x0000019c4045e800 JavaThread "Reference Handler" daemon [_thread_blocked, id=20508, stack(0x0000004a0ac00000,0x0000004a0ad00000)]
  0x0000019c40460000 JavaThread "Finalizer" daemon [_thread_blocked, id=30884, stack(0x0000004a0ad00000,0x0000004a0ae00000)]
  0x0000019c4047c000 JavaThread "Signal Dispatcher" daemon [_thread_blocked, id=44620, stack(0x0000004a0ae00000,0x0000004a0af00000)]
  0x0000019c4047d000 JavaThread "Attach Listener" daemon [_thread_blocked, id=37892, stack(0x0000004a0af00000,0x0000004a0b000000)]
  0x0000019c4047d800 JavaThread "Service Thread" daemon [_thread_blocked, id=35968, stack(0x0000004a0b000000,0x0000004a0b100000)]
=>0x0000019c40482000 JavaThread "C2 CompilerThread0" daemon [_thread_in_native, id=40092, stack(0x0000004a0b100000,0x0000004a0b200000)]
  0x0000019c40483000 JavaThread "C1 CompilerThread0" daemon [_thread_blocked, id=32852, stack(0x0000004a0b200000,0x0000004a0b300000)]
  0x0000019c40485000 JavaThread "Sweeper thread" daemon [_thread_blocked, id=32520, stack(0x0000004a0b300000,0x0000004a0b400000)]
  0x0000019c40ee2800 JavaThread "Common-Cleaner" daemon [_thread_blocked, id=27248, stack(0x0000004a0b500000,0x0000004a0b600000)]

Other Threads:
  0x0000019c40428000 VMThread "VM Thread" [stack: 0x0000004a0ab00000,0x0000004a0ac00000] [id=21096]
  0x0000019c40ee2000 WatcherThread [stack: 0x0000004a0b400000,0x0000004a0b500000] [id=36176]
  0x0000019c228cf000 GCTaskThread "GC Thread#0" [stack: 0x0000004a0a600000,0x0000004a0a700000] [id=40068]
  0x0000019c416a8800 GCTaskThread "GC Thread#1" [stack: 0x0000004a0b600000,0x0000004a0b700000] [id=43956]
  0x0000019c228fe000 ConcurrentGCThread "G1 Main Marker" [stack: 0x0000004a0a700000,0x0000004a0a800000] [id=38396]
  0x0000019c228ff000 ConcurrentGCThread "G1 Conc#0" [stack: 0x0000004a0a800000,0x0000004a0a900000] [id=29112]
  0x0000019c2298f800 ConcurrentGCThread "G1 Refine#0" [stack: 0x0000004a0a900000,0x0000004a0aa00000] [id=32196]
  0x0000019c22990800 ConcurrentGCThread "G1 Young RemSet Sampling" [stack: 0x0000004a0aa00000,0x0000004a0ab00000] [id=32480]

Threads with active compile tasks:
C2 CompilerThread0  30402 1372       4       jdk.internal.loader.URLClassPath::getResource (74 bytes)

VM state:not at safepoint (normal execution)

VM Mutex/Monitor currently owned by a thread: None

Heap address: 0x0000000087200000, size: 1934 MB, Compressed Oops mode: 32-bit
Narrow klass base: 0x0000000000000000, Narrow klass shift: 3
Compressed class space size: 1073741824 Address: 0x0000000100000000

Heap:
 garbage-first heap   total 124928K, used 27038K [0x0000000087200000, 0x0000000100000000)
  region size 1024K, 27 young (27648K), 3 survivors (3072K)
 Metaspace       used 15089K, capacity 15274K, committed 15616K, reserved 1067008K
  class space    used 1584K, capacity 1683K, committed 1792K, reserved 1048576K
Heap Regions: E=young(eden), S=young(survivor), O=old, HS=humongous(starts), HC=humongous(continues), CS=collection set, F=free, A=archive, TAMS=top-at-mark-start (previous, next)
|   0|0x0000000087200000, 0x0000000087267a00, 0x0000000087300000| 40%| O|  |TAMS 0x0000000087200000, 0x0000000087200000| Untracked 
|   1|0x0000000087300000, 0x0000000087300000, 0x0000000087400000|  0%| F|  |TAMS 0x0000000087300000, 0x0000000087300000| Untracked 
|   2|0x0000000087400000, 0x0000000087400000, 0x0000000087500000|  0%| F|  |TAMS 0x0000000087400000, 0x0000000087400000| Untracked 
|   3|0x0000000087500000, 0x0000000087500000, 0x0000000087600000|  0%| F|  |TAMS 0x0000000087500000, 0x0000000087500000| Untracked 
|   4|0x0000000087600000, 0x0000000087600000, 0x0000000087700000|  0%| F|  |TAMS 0x0000000087600000, 0x0000000087600000| Untracked 
|   5|0x0000000087700000, 0x0000000087700000, 0x0000000087800000|  0%| F|  |TAMS 0x0000000087700000, 0x0000000087700000| Untracked 
|   6|0x0000000087800000, 0x0000000087800000, 0x0000000087900000|  0%| F|  |TAMS 0x0000000087800000, 0x0000000087800000| Untracked 
|   7|0x0000000087900000, 0x0000000087900000, 0x0000000087a00000|  0%| F|  |TAMS 0x0000000087900000, 0x0000000087900000| Untracked 
|   8|0x0000000087a00000, 0x0000000087a00000, 0x0000000087b00000|  0%| F|  |TAMS 0x0000000087a00000, 0x0000000087a00000| Untracked 
|   9|0x0000000087b00000, 0x0000000087b00000, 0x0000000087c00000|  0%| F|  |TAMS 0x0000000087b00000, 0x0000000087b00000| Untracked 
|  10|0x0000000087c00000, 0x0000000087c00000, 0x0000000087d00000|  0%| F|  |TAMS 0x0000000087c00000, 0x0000000087c00000| Untracked 
|  11|0x0000000087d00000, 0x0000000087d00000, 0x0000000087e00000|  0%| F|  |TAMS 0x0000000087d00000, 0x0000000087d00000| Untracked 
|  12|0x0000000087e00000, 0x0000000087e00000, 0x0000000087f00000|  0%| F|  |TAMS 0x0000000087e00000, 0x0000000087e00000| Untracked 
|  13|0x0000000087f00000, 0x0000000087f00000, 0x0000000088000000|  0%| F|  |TAMS 0x0000000087f00000, 0x0000000087f00000| Untracked 
|  14|0x0000000088000000, 0x0000000088000000, 0x0000000088100000|  0%| F|  |TAMS 0x0000000088000000, 0x0000000088000000| Untracked 
|  15|0x0000000088100000, 0x0000000088100000, 0x0000000088200000|  0%| F|  |TAMS 0x0000000088100000, 0x0000000088100000| Untracked 
|  16|0x0000000088200000, 0x0000000088200000, 0x0000000088300000|  0%| F|  |TAMS 0x0000000088200000, 0x0000000088200000| Untracked 
|  17|0x0000000088300000, 0x0000000088300000, 0x0000000088400000|  0%| F|  |TAMS 0x0000000088300000, 0x0000000088300000| Untracked 
|  18|0x0000000088400000, 0x0000000088400000, 0x0000000088500000|  0%| F|  |TAMS 0x0000000088400000, 0x0000000088400000| Untracked 
|  19|0x0000000088500000, 0x0000000088500000, 0x0000000088600000|  0%| F|  |TAMS 0x0000000088500000, 0x0000000088500000| Untracked 
|  20|0x0000000088600000, 0x0000000088600000, 0x0000000088700000|  0%| F|  |TAMS 0x0000000088600000, 0x0000000088600000| Untracked 
|  21|0x0000000088700000, 0x0000000088700000, 0x0000000088800000|  0%| F|  |TAMS 0x0000000088700000, 0x0000000088700000| Untracked 
|  22|0x0000000088800000, 0x0000000088800000, 0x0000000088900000|  0%| F|  |TAMS 0x0000000088800000, 0x0000000088800000| Untracked 
|  23|0x0000000088900000, 0x0000000088900000, 0x0000000088a00000|  0%| F|  |TAMS 0x0000000088900000, 0x0000000088900000| Untracked 
|  24|0x0000000088a00000, 0x0000000088a00000, 0x0000000088b00000|  0%| F|  |TAMS 0x0000000088a00000, 0x0000000088a00000| Untracked 
|  25|0x0000000088b00000, 0x0000000088b00000, 0x0000000088c00000|  0%| F|  |TAMS 0x0000000088b00000, 0x0000000088b00000| Untracked 
|  26|0x0000000088c00000, 0x0000000088c00000, 0x0000000088d00000|  0%| F|  |TAMS 0x0000000088c00000, 0x0000000088c00000| Untracked 
|  27|0x0000000088d00000, 0x0000000088d00000, 0x0000000088e00000|  0%| F|  |TAMS 0x0000000088d00000, 0x0000000088d00000| Untracked 
|  28|0x0000000088e00000, 0x0000000088e00000, 0x0000000088f00000|  0%| F|  |TAMS 0x0000000088e00000, 0x0000000088e00000| Untracked 
|  29|0x0000000088f00000, 0x0000000088f00000, 0x0000000089000000|  0%| F|  |TAMS 0x0000000088f00000, 0x0000000088f00000| Untracked 
|  30|0x0000000089000000, 0x0000000089000000, 0x0000000089100000|  0%| F|  |TAMS 0x0000000089000000, 0x0000000089000000| Untracked 
|  31|0x0000000089100000, 0x0000000089100000, 0x0000000089200000|  0%| F|  |TAMS 0x0000000089100000, 0x0000000089100000| Untracked 
|  32|0x0000000089200000, 0x0000000089200000, 0x0000000089300000|  0%| F|  |TAMS 0x0000000089200000, 0x0000000089200000| Untracked 
|  33|0x0000000089300000, 0x0000000089300000, 0x0000000089400000|  0%| F|  |TAMS 0x0000000089300000, 0x0000000089300000| Untracked 
|  34|0x0000000089400000, 0x0000000089400000, 0x0000000089500000|  0%| F|  |TAMS 0x0000000089400000, 0x0000000089400000| Untracked 
|  35|0x0000000089500000, 0x0000000089500000, 0x0000000089600000|  0%| F|  |TAMS 0x0000000089500000, 0x0000000089500000| Untracked 
|  36|0x0000000089600000, 0x0000000089600000, 0x0000000089700000|  0%| F|  |TAMS 0x0000000089600000, 0x0000000089600000| Untracked 
|  37|0x0000000089700000, 0x0000000089700000, 0x0000000089800000|  0%| F|  |TAMS 0x0000000089700000, 0x0000000089700000| Untracked 
|  38|0x0000000089800000, 0x0000000089800000, 0x0000000089900000|  0%| F|  |TAMS 0x0000000089800000, 0x0000000089800000| Untracked 
|  39|0x0000000089900000, 0x0000000089900000, 0x0000000089a00000|  0%| F|  |TAMS 0x0000000089900000, 0x0000000089900000| Untracked 
|  40|0x0000000089a00000, 0x0000000089a00000, 0x0000000089b00000|  0%| F|  |TAMS 0x0000000089a00000, 0x0000000089a00000| Untracked 
|  41|0x0000000089b00000, 0x0000000089b00000, 0x0000000089c00000|  0%| F|  |TAMS 0x0000000089b00000, 0x0000000089b00000| Untracked 
|  42|0x0000000089c00000, 0x0000000089c00000, 0x0000000089d00000|  0%| F|  |TAMS 0x0000000089c00000, 0x0000000089c00000| Untracked 
|  43|0x0000000089d00000, 0x0000000089d00000, 0x0000000089e00000|  0%| F|  |TAMS 0x0000000089d00000, 0x0000000089d00000| Untracked 
|  44|0x0000000089e00000, 0x0000000089e00000, 0x0000000089f00000|  0%| F|  |TAMS 0x0000000089e00000, 0x0000000089e00000| Untracked 
|  45|0x0000000089f00000, 0x0000000089f00000, 0x000000008a000000|  0%| F|  |TAMS 0x0000000089f00000, 0x0000000089f00000| Untracked 
|  46|0x000000008a000000, 0x000000008a000000, 0x000000008a100000|  0%| F|  |TAMS 0x000000008a000000, 0x000000008a000000| Untracked 
|  47|0x000000008a100000, 0x000000008a100000, 0x000000008a200000|  0%| F|  |TAMS 0x000000008a100000, 0x000000008a100000| Untracked 
|  48|0x000000008a200000, 0x000000008a200000, 0x000000008a300000|  0%| F|  |TAMS 0x000000008a200000, 0x000000008a200000| Untracked 
|  49|0x000000008a300000, 0x000000008a300000, 0x000000008a400000|  0%| F|  |TAMS 0x000000008a300000, 0x000000008a300000| Untracked 
|  50|0x000000008a400000, 0x000000008a400000, 0x000000008a500000|  0%| F|  |TAMS 0x000000008a400000, 0x000000008a400000| Untracked 
|  51|0x000000008a500000, 0x000000008a500000, 0x000000008a600000|  0%| F|  |TAMS 0x000000008a500000, 0x000000008a500000| Untracked 
|  52|0x000000008a600000, 0x000000008a600000, 0x000000008a700000|  0%| F|  |TAMS 0x000000008a600000, 0x000000008a600000| Untracked 
|  53|0x000000008a700000, 0x000000008a700000, 0x000000008a800000|  0%| F|  |TAMS 0x000000008a700000, 0x000000008a700000| Untracked 
|  54|0x000000008a800000, 0x000000008a800000, 0x000000008a900000|  0%| F|  |TAMS 0x000000008a800000, 0x000000008a800000| Untracked 
|  55|0x000000008a900000, 0x000000008a900000, 0x000000008aa00000|  0%| F|  |TAMS 0x000000008a900000, 0x000000008a900000| Untracked 
|  56|0x000000008aa00000, 0x000000008aa00000, 0x000000008ab00000|  0%| F|  |TAMS 0x000000008aa00000, 0x000000008aa00000| Untracked 
|  57|0x000000008ab00000, 0x000000008ab00000, 0x000000008ac00000|  0%| F|  |TAMS 0x000000008ab00000, 0x000000008ab00000| Untracked 
|  58|0x000000008ac00000, 0x000000008ac00000, 0x000000008ad00000|  0%| F|  |TAMS 0x000000008ac00000, 0x000000008ac00000| Untracked 
|  59|0x000000008ad00000, 0x000000008ad00000, 0x000000008ae00000|  0%| F|  |TAMS 0x000000008ad00000, 0x000000008ad00000| Untracked 
|  60|0x000000008ae00000, 0x000000008ae00000, 0x000000008af00000|  0%| F|  |TAMS 0x000000008ae00000, 0x000000008ae00000| Untracked 
|  61|0x000000008af00000, 0x000000008af00000, 0x000000008b000000|  0%| F|  |TAMS 0x000000008af00000, 0x000000008af00000| Untracked 
|  62|0x000000008b000000, 0x000000008b000000, 0x000000008b100000|  0%| F|  |TAMS 0x000000008b000000, 0x000000008b000000| Untracked 
|  63|0x000000008b100000, 0x000000008b100000, 0x000000008b200000|  0%| F|  |TAMS 0x000000008b100000, 0x000000008b100000| Untracked 
|  64|0x000000008b200000, 0x000000008b200000, 0x000000008b300000|  0%| F|  |TAMS 0x000000008b200000, 0x000000008b200000| Untracked 
|  65|0x000000008b300000, 0x000000008b300000, 0x000000008b400000|  0%| F|  |TAMS 0x000000008b300000, 0x000000008b300000| Untracked 
|  66|0x000000008b400000, 0x000000008b400000, 0x000000008b500000|  0%| F|  |TAMS 0x000000008b400000, 0x000000008b400000| Untracked 
|  67|0x000000008b500000, 0x000000008b500000, 0x000000008b600000|  0%| F|  |TAMS 0x000000008b500000, 0x000000008b500000| Untracked 
|  68|0x000000008b600000, 0x000000008b600000, 0x000000008b700000|  0%| F|  |TAMS 0x000000008b600000, 0x000000008b600000| Untracked 
|  69|0x000000008b700000, 0x000000008b700000, 0x000000008b800000|  0%| F|  |TAMS 0x000000008b700000, 0x000000008b700000| Untracked 
|  70|0x000000008b800000, 0x000000008b800000, 0x000000008b900000|  0%| F|  |TAMS 0x000000008b800000, 0x000000008b800000| Untracked 
|  71|0x000000008b900000, 0x000000008b900000, 0x000000008ba00000|  0%| F|  |TAMS 0x000000008b900000, 0x000000008b900000| Untracked 
|  72|0x000000008ba00000, 0x000000008ba00000, 0x000000008bb00000|  0%| F|  |TAMS 0x000000008ba00000, 0x000000008ba00000| Untracked 
|  73|0x000000008bb00000, 0x000000008bb00000, 0x000000008bc00000|  0%| F|  |TAMS 0x000000008bb00000, 0x000000008bb00000| Untracked 
|  74|0x000000008bc00000, 0x000000008bc00000, 0x000000008bd00000|  0%| F|  |TAMS 0x000000008bc00000, 0x000000008bc00000| Untracked 
|  75|0x000000008bd00000, 0x000000008bd00000, 0x000000008be00000|  0%| F|  |TAMS 0x000000008bd00000, 0x000000008bd00000| Untracked 
|  76|0x000000008be00000, 0x000000008be00000, 0x000000008bf00000|  0%| F|  |TAMS 0x000000008be00000, 0x000000008be00000| Untracked 
|  77|0x000000008bf00000, 0x000000008bf00000, 0x000000008c000000|  0%| F|  |TAMS 0x000000008bf00000, 0x000000008bf00000| Untracked 
|  78|0x000000008c000000, 0x000000008c000000, 0x000000008c100000|  0%| F|  |TAMS 0x000000008c000000, 0x000000008c000000| Untracked 
|  79|0x000000008c100000, 0x000000008c100000, 0x000000008c200000|  0%| F|  |TAMS 0x000000008c100000, 0x000000008c100000| Untracked 
|  80|0x000000008c200000, 0x000000008c200000, 0x000000008c300000|  0%| F|  |TAMS 0x000000008c200000, 0x000000008c200000| Untracked 
|  81|0x000000008c300000, 0x000000008c300000, 0x000000008c400000|  0%| F|  |TAMS 0x000000008c300000, 0x000000008c300000| Untracked 
|  82|0x000000008c400000, 0x000000008c400000, 0x000000008c500000|  0%| F|  |TAMS 0x000000008c400000, 0x000000008c400000| Untracked 
|  83|0x000000008c500000, 0x000000008c500000, 0x000000008c600000|  0%| F|  |TAMS 0x000000008c500000, 0x000000008c500000| Untracked 
|  84|0x000000008c600000, 0x000000008c600000, 0x000000008c700000|  0%| F|  |TAMS 0x000000008c600000, 0x000000008c600000| Untracked 
|  85|0x000000008c700000, 0x000000008c700000, 0x000000008c800000|  0%| F|  |TAMS 0x000000008c700000, 0x000000008c700000| Untracked 
|  86|0x000000008c800000, 0x000000008c800000, 0x000000008c900000|  0%| F|  |TAMS 0x000000008c800000, 0x000000008c800000| Untracked 
|  87|0x000000008c900000, 0x000000008c900000, 0x000000008ca00000|  0%| F|  |TAMS 0x000000008c900000, 0x000000008c900000| Untracked 
|  88|0x000000008ca00000, 0x000000008ca00000, 0x000000008cb00000|  0%| F|  |TAMS 0x000000008ca00000, 0x000000008ca00000| Untracked 
|  89|0x000000008cb00000, 0x000000008cb00000, 0x000000008cc00000|  0%| F|  |TAMS 0x000000008cb00000, 0x000000008cb00000| Untracked 
|  90|0x000000008cc00000, 0x000000008cc00000, 0x000000008cd00000|  0%| F|  |TAMS 0x000000008cc00000, 0x000000008cc00000| Untracked 
|  91|0x000000008cd00000, 0x000000008cd00000, 0x000000008ce00000|  0%| F|  |TAMS 0x000000008cd00000, 0x000000008cd00000| Untracked 
|  92|0x000000008ce00000, 0x000000008ce00000, 0x000000008cf00000|  0%| F|  |TAMS 0x000000008ce00000, 0x000000008ce00000| Untracked 
|  93|0x000000008cf00000, 0x000000008cf00000, 0x000000008d000000|  0%| F|  |TAMS 0x000000008cf00000, 0x000000008cf00000| Untracked 
|  94|0x000000008d000000, 0x000000008d000000, 0x000000008d100000|  0%| F|  |TAMS 0x000000008d000000, 0x000000008d000000| Untracked 
|  95|0x000000008d100000, 0x000000008d200000, 0x000000008d200000|100%| S|CS|TAMS 0x000000008d100000, 0x000000008d100000| Complete 
|  96|0x000000008d200000, 0x000000008d300000, 0x000000008d300000|100%| S|CS|TAMS 0x000000008d200000, 0x000000008d200000| Complete 
|  97|0x000000008d300000, 0x000000008d400000, 0x000000008d400000|100%| S|CS|TAMS 0x000000008d300000, 0x000000008d300000| Complete 
|  98|0x000000008d400000, 0x000000008d500000, 0x000000008d500000|100%| E|  |TAMS 0x000000008d400000, 0x000000008d400000| Complete 
|  99|0x000000008d500000, 0x000000008d600000, 0x000000008d600000|100%| E|CS|TAMS 0x000000008d500000, 0x000000008d500000| Complete 
| 100|0x000000008d600000, 0x000000008d700000, 0x000000008d700000|100%| E|CS|TAMS 0x000000008d600000, 0x000000008d600000| Complete 
| 101|0x000000008d700000, 0x000000008d800000, 0x000000008d800000|100%| E|CS|TAMS 0x000000008d700000, 0x000000008d700000| Complete 
| 102|0x000000008d800000, 0x000000008d900000, 0x000000008d900000|100%| E|CS|TAMS 0x000000008d800000, 0x000000008d800000| Complete 
| 103|0x000000008d900000, 0x000000008da00000, 0x000000008da00000|100%| E|CS|TAMS 0x000000008d900000, 0x000000008d900000| Complete 
| 104|0x000000008da00000, 0x000000008db00000, 0x000000008db00000|100%| E|CS|TAMS 0x000000008da00000, 0x000000008da00000| Complete 
| 105|0x000000008db00000, 0x000000008dc00000, 0x000000008dc00000|100%| E|CS|TAMS 0x000000008db00000, 0x000000008db00000| Complete 
| 106|0x000000008dc00000, 0x000000008dd00000, 0x000000008dd00000|100%| E|CS|TAMS 0x000000008dc00000, 0x000000008dc00000| Complete 
| 107|0x000000008dd00000, 0x000000008de00000, 0x000000008de00000|100%| E|CS|TAMS 0x000000008dd00000, 0x000000008dd00000| Complete 
| 108|0x000000008de00000, 0x000000008df00000, 0x000000008df00000|100%| E|CS|TAMS 0x000000008de00000, 0x000000008de00000| Complete 
| 109|0x000000008df00000, 0x000000008e000000, 0x000000008e000000|100%| E|CS|TAMS 0x000000008df00000, 0x000000008df00000| Complete 
| 110|0x000000008e000000, 0x000000008e100000, 0x000000008e100000|100%| E|CS|TAMS 0x000000008e000000, 0x000000008e000000| Complete 
| 111|0x000000008e100000, 0x000000008e200000, 0x000000008e200000|100%| E|CS|TAMS 0x000000008e100000, 0x000000008e100000| Complete 
| 112|0x000000008e200000, 0x000000008e300000, 0x000000008e300000|100%| E|CS|TAMS 0x000000008e200000, 0x000000008e200000| Complete 
| 113|0x000000008e300000, 0x000000008e400000, 0x000000008e400000|100%| E|CS|TAMS 0x000000008e300000, 0x000000008e300000| Complete 
| 114|0x000000008e400000, 0x000000008e500000, 0x000000008e500000|100%| E|CS|TAMS 0x000000008e400000, 0x000000008e400000| Complete 
| 115|0x000000008e500000, 0x000000008e600000, 0x000000008e600000|100%| E|CS|TAMS 0x000000008e500000, 0x000000008e500000| Complete 
| 116|0x000000008e600000, 0x000000008e700000, 0x000000008e700000|100%| E|CS|TAMS 0x000000008e600000, 0x000000008e600000| Complete 
| 117|0x000000008e700000, 0x000000008e800000, 0x000000008e800000|100%| E|CS|TAMS 0x000000008e700000, 0x000000008e700000| Complete 
| 118|0x000000008e800000, 0x000000008e900000, 0x000000008e900000|100%| E|CS|TAMS 0x000000008e800000, 0x000000008e800000| Complete 
| 119|0x000000008e900000, 0x000000008ea00000, 0x000000008ea00000|100%| E|CS|TAMS 0x000000008e900000, 0x000000008e900000| Complete 
| 120|0x000000008ea00000, 0x000000008eb00000, 0x000000008eb00000|100%| E|CS|TAMS 0x000000008ea00000, 0x000000008ea00000| Complete 
| 121|0x000000008eb00000, 0x000000008ec00000, 0x000000008ec00000|100%| E|CS|TAMS 0x000000008eb00000, 0x000000008eb00000| Complete 

Card table byte_map: [0x0000019c39600000,0x0000019c399d0000] _byte_map_base: 0x0000019c391c7000

Marking Bits (Prev, Next): (CMBitMap*) 0x0000019c228f56d8, (CMBitMap*) 0x0000019c228f5710
 Prev Bits: [0x0000019c39da0000, 0x0000019c3bbd8000)
 Next Bits: [0x0000019c3bbe0000, 0x0000019c3da18000)

Polling page: 0x0000019c20a70000

Metaspace:

Usage:
  Non-class:     13.27 MB capacity,    13.19 MB (>99%) used,    70.73 KB ( <1%) free+waste,    15.25 KB ( <1%) overhead. 
      Class:      1.64 MB capacity,     1.55 MB ( 94%) used,    91.74 KB (  5%) free+waste,     6.50 KB ( <1%) overhead. 
       Both:     14.92 MB capacity,    14.74 MB ( 99%) used,   162.47 KB (  1%) free+waste,    21.75 KB ( <1%) overhead. 

Virtual space:
  Non-class space:       18.00 MB reserved,      13.50 MB ( 75%) committed 
      Class space:        1.00 GB reserved,       1.75 MB ( <1%) committed 
             Both:        1.02 GB reserved,      15.25 MB (  1%) committed 

Chunk freelists:
   Non-Class:  5.13 KB
       Class:  1.63 KB
        Both:  6.75 KB

CodeHeap 'non-profiled nmethods': size=120000Kb used=491Kb max_used=491Kb free=119508Kb
 bounds [0x0000019c319c0000, 0x0000019c31c30000, 0x0000019c38ef0000]
CodeHeap 'profiled nmethods': size=120000Kb used=2944Kb max_used=2944Kb free=117055Kb
 bounds [0x0000019c2a490000, 0x0000019c2a780000, 0x0000019c319c0000]
CodeHeap 'non-nmethods': size=5760Kb used=1087Kb max_used=1107Kb free=4672Kb
 bounds [0x0000019c29ef0000, 0x0000019c2a160000, 0x0000019c2a490000]
 total_blobs=1810 nmethods=1413 adapters=309
 compilation: enabled
              stopped_count=0, restarted_count=0
 full_count=0

Compilation events (10 events):
Event: 29.564 Thread 0x0000019c40483000 nmethod 1367 0x0000019c2a74dd90 code [0x0000019c2a74dfa0, 0x0000019c2a74e8e8]
Event: 29.583 Thread 0x0000019c40483000 1368       3       com.google.inject.spi.InjectionPoint$1::compare (13 bytes)
Event: 29.583 Thread 0x0000019c40483000 nmethod 1368 0x0000019c2a74eb90 code [0x0000019c2a74ed80, 0x0000019c2a74f2e8]
Event: 29.583 Thread 0x0000019c40483000 1369       3       com.google.inject.spi.InjectionPoint$1::compare (12 bytes)
Event: 29.584 Thread 0x0000019c40483000 nmethod 1369 0x0000019c2a74f510 code [0x0000019c2a74f6e0, 0x0000019c2a74fa08]
Event: 29.584 Thread 0x0000019c40483000 1370       3       sun.reflect.annotation.AnnotationParser::parseSig (61 bytes)
Event: 29.585 Thread 0x0000019c40482000 1372       4       jdk.internal.loader.URLClassPath::getResource (74 bytes)
Event: 29.586 Thread 0x0000019c40483000 nmethod 1370 0x0000019c2a74fb90 code [0x0000019c2a74fe60, 0x0000019c2a750f78]
Event: 29.586 Thread 0x0000019c40483000 1371       3       sun.reflect.generics.parser.SignatureParser::parseTypeSig (10 bytes)
Event: 29.586 Thread 0x0000019c40483000 nmethod 1371 0x0000019c2a751510 code [0x0000019c2a7516c0, 0x0000019c2a7518a8]

GC Heap History (2 events):
Event: 23.105 GC heap before
{Heap before GC invocations=0 (full 0):
 garbage-first heap   total 124928K, used 24576K [0x0000000087200000, 0x0000000100000000)
  region size 1024K, 24 young (24576K), 0 survivors (0K)
 Metaspace       used 12276K, capacity 12468K, committed 12672K, reserved 1060864K
  class space    used 1240K, capacity 1348K, committed 1408K, reserved 1048576K
}
Event: 23.971 GC heap after
{Heap after GC invocations=1 (full 0):
 garbage-first heap   total 124928K, used 3486K [0x0000000087200000, 0x0000000100000000)
  region size 1024K, 3 young (3072K), 3 survivors (3072K)
 Metaspace       used 12276K, capacity 12468K, committed 12672K, reserved 1060864K
  class space    used 1240K, capacity 1348K, committed 1408K, reserved 1048576K
}

Deoptimization events (10 events):
Event: 24.332 Thread 0x0000019c228bb000 Uncommon trap: reason=bimorphic_or_optimized_type_check action=maybe_recompile pc=0x0000019c31a1442c method=java.util.HashMap.getNode(ILjava/lang/Object;)Ljava/util/HashMap$Node; @ 126 c2
Event: 24.342 Thread 0x0000019c228bb000 Uncommon trap: reason=bimorphic_or_optimized_type_check action=maybe_recompile pc=0x0000019c31a1442c method=java.util.HashMap.getNode(ILjava/lang/Object;)Ljava/util/HashMap$Node; @ 126 c2
Event: 24.346 Thread 0x0000019c228bb000 Uncommon trap: reason=bimorphic_or_optimized_type_check action=maybe_recompile pc=0x0000019c31a1442c method=java.util.HashMap.getNode(ILjava/lang/Object;)Ljava/util/HashMap$Node; @ 126 c2
Event: 24.355 Thread 0x0000019c228bb000 Uncommon trap: reason=bimorphic_or_optimized_type_check action=maybe_recompile pc=0x0000019c31a0114c method=java.util.HashMap.getNode(ILjava/lang/Object;)Ljava/util/HashMap$Node; @ 126 c2
Event: 25.198 Thread 0x0000019c228bb000 Uncommon trap: reason=unstable_if action=reinterpret pc=0x0000019c31a16708 method=java.util.HashMap.getNode(ILjava/lang/Object;)Ljava/util/HashMap$Node; @ 129 c2
Event: 25.198 Thread 0x0000019c228bb000 Uncommon trap: reason=class_check action=maybe_recompile pc=0x0000019c31a1c378 method=java.util.HashMap.putVal(ILjava/lang/Object;Ljava/lang/Object;ZZ)Ljava/lang/Object; @ 203 c2
Event: 25.567 Thread 0x0000019c228bb000 Uncommon trap: reason=class_check action=maybe_recompile pc=0x0000019c31a1c378 method=java.util.HashMap.putVal(ILjava/lang/Object;Ljava/lang/Object;ZZ)Ljava/lang/Object; @ 203 c2
Event: 25.836 Thread 0x0000019c228bb000 Uncommon trap: reason=class_check action=maybe_recompile pc=0x0000019c31a1c378 method=java.util.HashMap.putVal(ILjava/lang/Object;Ljava/lang/Object;ZZ)Ljava/lang/Object; @ 203 c2
Event: 26.810 Thread 0x0000019c228bb000 Uncommon trap: reason=unstable_if action=reinterpret pc=0x0000019c31a25248 method=java.lang.String.<init>([CIILjava/lang/Void;)V @ 5 c2
Event: 28.154 Thread 0x0000019c228bb000 Uncommon trap: reason=class_check action=maybe_recompile pc=0x0000019c31a1c378 method=java.util.HashMap.putVal(ILjava/lang/Object;Ljava/lang/Object;ZZ)Ljava/lang/Object; @ 203 c2

Classes redefined (0 events):
No events

Internal exceptions (1 events):
Event: 9.982 Thread 0x0000019c228bb000 Exception <a 'java/lang/NoSuchMethodError'{0x000000008e8ca348}: java.lang.invoke.DirectMethodHandle$Holder.invokeSpecialIFC(Ljava/lang/Object;Ljava/lang/Object;I)I> (0x000000008e8ca348) thrown at [./open/src/hotspot/share/interpreter/linkResolver.cpp, lin

Events (10 events):
Event: 29.581 loading class java/util/EventObject
Event: 29.582 loading class java/util/EventObject done
Event: 29.584 loading class org/apache/maven/wagon/OutputData
Event: 29.584 loading class org/apache/maven/wagon/OutputData done
Event: 29.586 loading class org/apache/maven/wagon/InputData
Event: 29.586 loading class org/apache/maven/wagon/InputData done
Event: 29.587 loading class org/apache/maven/wagon/providers/http/httpclient/conn/HttpClientConnectionManager
Event: 29.587 loading class org/apache/maven/wagon/providers/http/httpclient/conn/HttpClientConnectionManager done
Event: 29.589 loading class org/apache/maven/wagon/providers/http/httpclient/HttpException
Event: 29.589 loading class org/apache/maven/wagon/providers/http/httpclient/HttpException done


Dynamic libraries:
0x00007ff6c9fa0000 - 0x00007ff6c9faf000 	C:\Program Files\Java\jdk-11.0.13\bin\java.exe
0x00007ff90fe70000 - 0x00007ff910065000 	C:\WINDOWS\SYSTEM32\ntdll.dll
0x00007ff90fa80000 - 0x00007ff90fb3e000 	C:\WINDOWS\System32\KERNEL32.DLL
0x00007ff90d590000 - 0x00007ff90d859000 	C:\WINDOWS\System32\KERNELBASE.dll
0x00007ff90da70000 - 0x00007ff90db70000 	C:\WINDOWS\System32\ucrtbase.dll
0x00007ff906fb0000 - 0x00007ff906fc8000 	C:\Program Files\Java\jdk-11.0.13\bin\jli.dll
0x00007ff90f930000 - 0x00007ff90f9dc000 	C:\WINDOWS\System32\ADVAPI32.dll
0x00007ff90e070000 - 0x00007ff90e10e000 	C:\WINDOWS\System32\msvcrt.dll
0x00007ff90f7b0000 - 0x00007ff90f84b000 	C:\WINDOWS\System32\sechost.dll
0x00007ff90fcf0000 - 0x00007ff90fe1a000 	C:\WINDOWS\System32\RPCRT4.dll
0x00007ff90fb40000 - 0x00007ff90fce1000 	C:\WINDOWS\System32\USER32.dll
0x00007ff90db70000 - 0x00007ff90db92000 	C:\WINDOWS\System32\win32u.dll
0x00007ff90e950000 - 0x00007ff90e97b000 	C:\WINDOWS\System32\GDI32.dll
0x00007ff90ddb0000 - 0x00007ff90debb000 	C:\WINDOWS\System32\gdi32full.dll
0x00007ff90d9a0000 - 0x00007ff90da3d000 	C:\WINDOWS\System32\msvcp_win.dll
0x00007ff908d50000 - 0x00007ff908d65000 	C:\Program Files\Java\jdk-11.0.13\bin\VCRUNTIME140.dll
0x00007ff9026b0000 - 0x00007ff90294a000 	C:\WINDOWS\WinSxS\amd64_microsoft.windows.common-controls_6595b64144ccf1df_6.0.19041.1110_none_60b5254171f9507e\COMCTL32.dll
0x00007ff9057c0000 - 0x00007ff9057ca000 	C:\WINDOWS\SYSTEM32\VERSION.dll
0x00007ff90e870000 - 0x00007ff90e8a0000 	C:\WINDOWS\System32\IMM32.DLL
0x00007ff8d3b00000 - 0x00007ff8d3b9b000 	C:\Program Files\Java\jdk-11.0.13\bin\msvcp140.dll
0x00007ff880970000 - 0x00007ff881483000 	C:\Program Files\Java\jdk-11.0.13\bin\server\jvm.dll
0x00007ff90fa70000 - 0x00007ff90fa78000 	C:\WINDOWS\System32\PSAPI.DLL
0x00007ff8f5b10000 - 0x00007ff8f5b19000 	C:\WINDOWS\SYSTEM32\WSOCK32.dll
0x00007ff90f290000 - 0x00007ff90f2fb000 	C:\WINDOWS\System32\WS2_32.dll
0x00007ff904090000 - 0x00007ff9040b7000 	C:\WINDOWS\SYSTEM32\WINMM.dll
0x00007ff90be10000 - 0x00007ff90be22000 	C:\WINDOWS\SYSTEM32\kernel.appcore.dll
0x00007ff8f0090000 - 0x00007ff8f00a0000 	C:\Program Files\Java\jdk-11.0.13\bin\verify.dll
0x00007ff8fc450000 - 0x00007ff8fc634000 	C:\WINDOWS\SYSTEM32\DBGHELP.DLL
0x00007ff8fc420000 - 0x00007ff8fc44c000 	C:\WINDOWS\SYSTEM32\dbgcore.DLL
0x00007ff90d8c0000 - 0x00007ff90d943000 	C:\WINDOWS\System32\bcryptPrimitives.dll
0x00007ff8ff9b0000 - 0x00007ff8ff9d8000 	C:\Program Files\Java\jdk-11.0.13\bin\java.dll
0x00007ff8f0000000 - 0x00007ff8f000a000 	C:\Program Files\Java\jdk-11.0.13\bin\jimage.dll
0x00007ff8e7d20000 - 0x00007ff8e7d36000 	C:\Program Files\Java\jdk-11.0.13\bin\zip.dll
0x00007ff90ea90000 - 0x00007ff90f1cf000 	C:\WINDOWS\System32\SHELL32.dll
0x00007ff90b400000 - 0x00007ff90bb90000 	C:\WINDOWS\SYSTEM32\windows.storage.dll
0x00007ff90e310000 - 0x00007ff90e665000 	C:\WINDOWS\System32\combase.dll
0x00007ff90cf10000 - 0x00007ff90cf3c000 	C:\WINDOWS\SYSTEM32\Wldp.dll
0x00007ff90e8a0000 - 0x00007ff90e94d000 	C:\WINDOWS\System32\SHCORE.dll
0x00007ff90e980000 - 0x00007ff90e9d5000 	C:\WINDOWS\System32\shlwapi.dll
0x00007ff90d4d0000 - 0x00007ff90d4ef000 	C:\WINDOWS\SYSTEM32\profapi.dll
0x00007ff8d67d0000 - 0x00007ff8d67e9000 	C:\Program Files\Java\jdk-11.0.13\bin\net.dll
0x00007ff9034e0000 - 0x00007ff9035e8000 	C:\WINDOWS\SYSTEM32\WINHTTP.dll
0x00007ff90cc70000 - 0x00007ff90ccda000 	C:\WINDOWS\system32\mswsock.dll
0x00007ff8d43b0000 - 0x00007ff8d43c2000 	C:\Program Files\Java\jdk-11.0.13\bin\nio.dll
0x00007ff8ea700000 - 0x00007ff8ea70a000 	C:\Program Files\NetBeans-12.5\netbeans\java\maven\lib\jansi-native\windows64\jansi.dll

dbghelp: loaded successfully - version: 4.0.5 - missing functions: none
symbol engine: initialized successfully - sym options: 0x614 - pdb path: .;C:\Program Files\Java\jdk-11.0.13\bin;C:\WINDOWS\SYSTEM32;C:\WINDOWS\WinSxS\amd64_microsoft.windows.common-controls_6595b64144ccf1df_6.0.19041.1110_none_60b5254171f9507e;C:\Program Files\Java\jdk-11.0.13\bin\server;C:\Program Files\NetBeans-12.5\netbeans\java\maven\lib\jansi-native\windows64

VM Arguments:
jvm_args: -Dclassworlds.conf=C:\Program Files\NetBeans-12.5\netbeans\java\maven\bin\..\bin\m2.conf -Dmaven.home=C:\Program Files\NetBeans-12.5\netbeans\java\maven\bin\.. -Dlibrary.jansi.path=C:\Program Files\NetBeans-12.5\netbeans\java\maven\bin\..\lib\jansi-native -Dmaven.multiModuleProjectDirectory=C:\Users\Zaki\Documents\NetBeansProjects\ZacksTp1CustomerApp 
java_command: org.codehaus.plexus.classworlds.launcher.Launcher -Dmaven.ext.class.path=C:\Program Files\NetBeans-12.5\netbeans\java\maven-nblib\netbeans-eventspy.jar -Dfile.encoding=UTF-8 install
java_class_path (initial): C:\Program Files\NetBeans-12.5\netbeans\java\maven\bin\..\boot\plexus-classworlds-2.6.0.jar
Launcher Type: SUN_STANDARD

[Global flags]
     intx CICompilerCount                          = 4                                         {product} {ergonomic}
     uint ConcGCThreads                            = 2                                         {product} {ergonomic}
     uint G1ConcRefinementThreads                  = 8                                         {product} {ergonomic}
   size_t G1HeapRegionSize                         = 1048576                                   {product} {ergonomic}
    uintx GCDrainStackTargetSize                   = 64                                        {product} {ergonomic}
   size_t InitialHeapSize                          = 127926272                                 {product} {ergonomic}
   size_t MarkStackSize                            = 4194304                                   {product} {ergonomic}
   size_t MaxHeapSize                              = 2027945984                                {product} {ergonomic}
   size_t MaxNewSize                               = 1216348160                                {product} {ergonomic}
   size_t MinHeapDeltaBytes                        = 1048576                                   {product} {ergonomic}
    uintx NonNMethodCodeHeapSize                   = 5836300                                {pd product} {ergonomic}
    uintx NonProfiledCodeHeapSize                  = 122910970                              {pd product} {ergonomic}
    uintx ProfiledCodeHeapSize                     = 122910970                              {pd product} {ergonomic}
    uintx ReservedCodeCacheSize                    = 251658240                              {pd product} {ergonomic}
     bool SegmentedCodeCache                       = true                                      {product} {ergonomic}
     bool UseCompressedClassPointers               = true                                 {lp64_product} {ergonomic}
     bool UseCompressedOops                        = true                                 {lp64_product} {ergonomic}
     bool UseG1GC                                  = true                                      {product} {ergonomic}
     bool UseLargePagesIndividualAllocation        = false                                  {pd product} {ergonomic}

Logging:
Log output configuration:
 #0: stdout all=warning uptime,level,tags
 #1: stderr all=off uptime,level,tags

Environment Variables:
JAVA_HOME=C:\Program Files\Java\jdk-11.0.13
PATH=C:\Program Files\Eclipse Adoptium\jdk-11.0.13.8-hotspot\bin;C:\Program Files\Common Files\Oracle\Java\javapath;C:\oracle\product\10.2.0\db_1\bin;C:\Program Files (x86)\Common Files\Oracle\Java\javapath;C:\WINDOWS\system32;C:\WINDOWS;C:\WINDOWS\System32\Wbem;C:\WINDOWS\System32\WindowsPowerShell\v1.0\;C:\WINDOWS\System32\OpenSSH\;C:\Program Files\dotnet\;C:\Program Files\Microsoft SQL Server\130\Tools\Binn\;C:\Program Files\Microsoft SQL Server\Client SDK\ODBC\170\Tools\Binn\;C:\Program Files (x86)\Microsoft SQL Server\150\Tools\Binn\;C:\Program Files\Microsoft SQL Server\150\Tools\Binn\;C:\Program Files\Microsoft SQL Server\150\DTS\Binn\;C:\Program Files (x86)\Microsoft SQL Server\150\DTS\Binn\;C:\Program Files\Git\cmd;C:\Program Files (x86)\Microsoft SQL Server\110\DTS\Binn\;C:\Program Files (x86)\Microsoft SQL Server\120\DTS\Binn\;C:\Program Files (x86)\Microsoft SQL Server\130\DTS\Binn\;C:\Program Files (x86)\Microsoft SQL Server\140\DTS\Binn\;C:\Program Files\nodejs\;C:\ProgramData\chocolatey\bin;C:\Program Files\MySQL\MySQL Shell 8.0\bin\;C:\Program Files\Java\jdk-15.0.1\bin;C:\Users\Zaki\.dotnet\tools;C:\Program Files\Azure Data Studio\bin;C:\Users\Zaki\AppData\Local\Programs\Microsoft VS Code\bin;C:\Users\Zaki\AppData\Roaming\npm;C:\Users\Zaki\AppData\Local\Microsoft\WindowsApps;C:\Users\Zaki\Desktop\flutter\bin;
USERNAME=Zaki
OS=Windows_NT
PROCESSOR_IDENTIFIER=AMD64 Family 23 Model 17 Stepping 0, AuthenticAMD



---------------  S Y S T E M  ---------------

OS: Windows 10 , 64 bit Build 19041 (10.0.19041.1202)

CPU:total 8 (initial active 8) (8 cores per cpu, 2 threads per core) family 23 model 17 stepping 0 microcode 0x0, cmov, cx8, fxsr, mmx, sse, sse2, sse3, ssse3, sse4.1, sse4.2, popcnt, avx, avx2, aes, clmul, mmxext, 3dnowpref, lzcnt, sse4a, ht, tsc, tscinvbit, tscinv, bmi1, bmi2, adx, s

Memory: 4k page, system-wide physical 7735M (101M free)
TotalPageFile size 31287M (AvailPageFile size 213M)
current process WorkingSet (physical memory assigned to process): 84M, peak: 84M
current process commit charge ("private bytes"): 221M, peak: 221M

vm_info: Java HotSpot(TM) 64-Bit Server VM (11.0.13+10-LTS-370) for windows-amd64 JRE (11.0.13+10-LTS-370), built on Sep 15 2021 22:10:36 by "mach5one" with MS VC++ 15.9 (VS2017)

END.
