#
# There is insufficient memory for the Java Runtime Environment to continue.
# Native memory allocation (malloc) failed to allocate 32744 bytes for ChunkPool::allocate
# Possible reasons:
#   The system is out of physical RAM or swap space
#   The process is running with CompressedOops enabled, and the Java Heap may be blocking the growth of the native heap
# Possible solutions:
#   Reduce memory load on the system
#   Increase physical memory or swap space
#   Check if swap backing store is full
#   Decrease Java heap size (-Xmx/-Xms)
#   Decrease number of Java threads
#   Decrease Java thread stack sizes (-Xss)
#   Set larger code cache with -XX:ReservedCodeCacheSize=
#   JVM is running with Unscaled Compressed Oops mode in which the Java heap is
#     placed in the first 4GB address space. The Java Heap base address is the
#     maximum limit for the native heap growth. Please use -XX:HeapBaseMinAddress
#     to set the Java Heap base and to place the Java Heap above 4GB virtual address.
# This output file may be truncated or incomplete.
#
#  Out of Memory Error (./open/src/hotspot/share/memory/arena.cpp:81), pid=30840, tid=37836
#
# JRE version: Java(TM) SE Runtime Environment 18.9 (11.0.13+10) (build 11.0.13+10-LTS-370)
# Java VM: Java HotSpot(TM) 64-Bit Server VM 18.9 (11.0.13+10-LTS-370, mixed mode, tiered, compressed oops, g1 gc, windows-amd64)
# No core dump will be written. Minidumps are not enabled by default on client versions of Windows
#

---------------  S U M M A R Y ------------

Command Line: -Dclassworlds.conf=C:\Program Files\NetBeans-12.5\netbeans\java\maven\bin\..\bin\m2.conf -Dmaven.home=C:\Program Files\NetBeans-12.5\netbeans\java\maven\bin\.. -Dlibrary.jansi.path=C:\Program Files\NetBeans-12.5\netbeans\java\maven\bin\..\lib\jansi-native -Dmaven.multiModuleProjectDirectory=C:\Users\Zaki\Documents\NetBeansProjects\ZacksTp1CustomerApp org.codehaus.plexus.classworlds.launcher.Launcher -Dmaven.ext.class.path=C:\Program Files\NetBeans-12.5\netbeans\java\maven-nblib\netbeans-eventspy.jar -Dfile.encoding=UTF-8 install

Host: AMD Ryzen 5 2500U with Radeon Vega Mobile Gfx  , 8 cores, 7G,  Windows 10 , 64 bit Build 19041 (10.0.19041.1202)
Time: Fri Nov 12 22:22:47 2021 Morocco Daylight Time elapsed time: 139.275348 seconds (0d 0h 2m 19s)

---------------  T H R E A D  ---------------

Current thread (0x00000286feba6800):  JavaThread "C1 CompilerThread0" daemon [_thread_in_native, id=37836, stack(0x000000d38b200000,0x000000d38b300000)]


Current CompileTask:
C1: 139280 3589       3       org.apache.maven.model.path.DefaultUrlNormalizer::normalize (122 bytes)

Stack: [0x000000d38b200000,0x000000d38b300000]
Native frames: (J=compiled Java code, j=interpreted, Vv=VM code, C=native code)
V  [jvm.dll+0x62870a]
V  [jvm.dll+0x761f2f]
V  [jvm.dll+0x7635d9]
V  [jvm.dll+0x763c63]
V  [jvm.dll+0x23d728]
V  [jvm.dll+0xb2b9b]
V  [jvm.dll+0xb2efc]
V  [jvm.dll+0x133530]
V  [jvm.dll+0x14da86]
V  [jvm.dll+0x149374]
V  [jvm.dll+0x143cee]
V  [jvm.dll+0x130340]
V  [jvm.dll+0x118869]
V  [jvm.dll+0x11818f]
V  [jvm.dll+0x1183bf]
V  [jvm.dll+0x117667]
V  [jvm.dll+0x119537]
V  [jvm.dll+0x206d84]
V  [jvm.dll+0x204ebb]
V  [jvm.dll+0x727e70]
V  [jvm.dll+0x720a54]
V  [jvm.dll+0x627606]
C  [ucrtbase.dll+0x21bb2]
C  [KERNEL32.DLL+0x17034]
C  [ntdll.dll+0x52651]


---------------  P R O C E S S  ---------------

Threads class SMR info:
_java_thread_list=0x0000028680562b50, length=10, elements={
0x00000286df03c000, 0x00000286feb84000, 0x00000286feb85000, 0x00000286feb9e800,
0x00000286feba0800, 0x00000286feba1800, 0x00000286feba5800, 0x00000286feba6800,
0x00000286ff554000, 0x00000286ff609000
}

Java Threads: ( => current thread )
  0x00000286df03c000 JavaThread "main" [_thread_in_Java, id=39236, stack(0x000000d38a500000,0x000000d38a600000)]
  0x00000286feb84000 JavaThread "Reference Handler" daemon [_thread_blocked, id=37504, stack(0x000000d38ac00000,0x000000d38ad00000)]
  0x00000286feb85000 JavaThread "Finalizer" daemon [_thread_blocked, id=19372, stack(0x000000d38ad00000,0x000000d38ae00000)]
  0x00000286feb9e800 JavaThread "Signal Dispatcher" daemon [_thread_blocked, id=34468, stack(0x000000d38ae00000,0x000000d38af00000)]
  0x00000286feba0800 JavaThread "Attach Listener" daemon [_thread_blocked, id=32636, stack(0x000000d38af00000,0x000000d38b000000)]
  0x00000286feba1800 JavaThread "Service Thread" daemon [_thread_blocked, id=1384, stack(0x000000d38b000000,0x000000d38b100000)]
  0x00000286feba5800 JavaThread "C2 CompilerThread0" daemon [_thread_blocked, id=37080, stack(0x000000d38b100000,0x000000d38b200000)]
=>0x00000286feba6800 JavaThread "C1 CompilerThread0" daemon [_thread_in_native, id=37836, stack(0x000000d38b200000,0x000000d38b300000)]
  0x00000286ff554000 JavaThread "Sweeper thread" daemon [_thread_blocked, id=38684, stack(0x000000d38b300000,0x000000d38b400000)]
  0x00000286ff609000 JavaThread "Common-Cleaner" daemon [_thread_blocked, id=38536, stack(0x000000d38b500000,0x000000d38b600000)]

Other Threads:
  0x00000286feb4d000 VMThread "VM Thread" [stack: 0x000000d38ab00000,0x000000d38ac00000] [id=6208] _threads_hazard_ptr=0x0000028680562b50
  0x00000286ff608800 WatcherThread [stack: 0x000000d38b400000,0x000000d38b500000] [id=18664]
  0x00000286df050000 GCTaskThread "GC Thread#0" [stack: 0x000000d38a600000,0x000000d38a700000] [id=32012]
  0x000002868095c800 GCTaskThread "GC Thread#1" [stack: 0x000000d38b700000,0x000000d38b800000] [id=42992]
  0x00000286df07f000 ConcurrentGCThread "G1 Main Marker" [stack: 0x000000d38a700000,0x000000d38a800000] [id=42796]
  0x00000286df080800 ConcurrentGCThread "G1 Conc#0" [stack: 0x000000d38a800000,0x000000d38a900000] [id=28384]
  0x0000028680535000 ConcurrentGCThread "G1 Conc#1" [stack: 0x000000d38b600000,0x000000d38b700000] [id=40976]
  0x00000286df112000 ConcurrentGCThread "G1 Refine#0" [stack: 0x000000d38a900000,0x000000d38aa00000] [id=40720]
  0x00000286df113000 ConcurrentGCThread "G1 Young RemSet Sampling" [stack: 0x000000d38aa00000,0x000000d38ab00000] [id=40748]

Threads with active compile tasks:
C1 CompilerThread0 139578 3589       3       org.apache.maven.model.path.DefaultUrlNormalizer::normalize (122 bytes)

VM state:synchronizing (normal execution)

VM Mutex/Monitor currently owned by a thread:  ([mutex/lock_event])
[0x00000286df037c30] Safepoint_lock - owner thread: 0x00000286feb4d000
[0x00000286df038410] Threads_lock - owner thread: 0x00000286feb4d000

Heap address: 0x0000000087200000, size: 1934 MB, Compressed Oops mode: 32-bit
Narrow klass base: 0x0000000000000000, Narrow klass shift: 3
Compressed class space size: 1073741824 Address: 0x0000000100000000

Heap:
 garbage-first heap   total 124928K, used 53490K [0x0000000087200000, 0x0000000100000000)
  region size 1024K, 53 young (54272K), 7 survivors (7168K)
 Metaspace       used 28278K, capacity 28768K, committed 28848K, reserved 1075200K
  class space    used 3098K, capacity 3270K, committed 3328K, reserved 1048576K
Heap Regions: E=young(eden), S=young(survivor), O=old, HS=humongous(starts), HC=humongous(continues), CS=collection set, F=free, A=archive, TAMS=top-at-mark-start (previous, next)
|   0|0x0000000087200000, 0x0000000087266c00, 0x0000000087300000| 40%| O|  |TAMS 0x0000000087266c00, 0x0000000087200000| Untracked 
|   1|0x0000000087300000, 0x0000000087300000, 0x0000000087400000|  0%| F|  |TAMS 0x0000000087300000, 0x0000000087300000| Untracked 
|   2|0x0000000087400000, 0x0000000087400000, 0x0000000087500000|  0%| F|  |TAMS 0x0000000087400000, 0x0000000087400000| Untracked 
|   3|0x0000000087500000, 0x0000000087500000, 0x0000000087600000|  0%| F|  |TAMS 0x0000000087500000, 0x0000000087500000| Untracked 
|   4|0x0000000087600000, 0x0000000087600000, 0x0000000087700000|  0%| F|  |TAMS 0x0000000087600000, 0x0000000087600000| Untracked 
|   5|0x0000000087700000, 0x0000000087700000, 0x0000000087800000|  0%| F|  |TAMS 0x0000000087700000, 0x0000000087700000| Untracked 
|   6|0x0000000087800000, 0x0000000087800000, 0x0000000087900000|  0%| F|  |TAMS 0x0000000087800000, 0x0000000087800000| Untracked 
|   7|0x0000000087900000, 0x0000000087900000, 0x0000000087a00000|  0%| F|  |TAMS 0x0000000087900000, 0x0000000087900000| Untracked 
|   8|0x0000000087a00000, 0x0000000087a00000, 0x0000000087b00000|  0%| F|  |TAMS 0x0000000087a00000, 0x0000000087a00000| Untracked 
|   9|0x0000000087b00000, 0x0000000087b00000, 0x0000000087c00000|  0%| F|  |TAMS 0x0000000087b00000, 0x0000000087b00000| Untracked 
|  10|0x0000000087c00000, 0x0000000087c00000, 0x0000000087d00000|  0%| F|  |TAMS 0x0000000087c00000, 0x0000000087c00000| Untracked 
|  11|0x0000000087d00000, 0x0000000087d00000, 0x0000000087e00000|  0%| F|  |TAMS 0x0000000087d00000, 0x0000000087d00000| Untracked 
|  12|0x0000000087e00000, 0x0000000087e00000, 0x0000000087f00000|  0%| F|  |TAMS 0x0000000087e00000, 0x0000000087e00000| Untracked 
|  13|0x0000000087f00000, 0x0000000087f00000, 0x0000000088000000|  0%| F|  |TAMS 0x0000000087f00000, 0x0000000087f00000| Untracked 
|  14|0x0000000088000000, 0x0000000088000000, 0x0000000088100000|  0%| F|  |TAMS 0x0000000088000000, 0x0000000088000000| Untracked 
|  15|0x0000000088100000, 0x0000000088100000, 0x0000000088200000|  0%| F|  |TAMS 0x0000000088100000, 0x0000000088100000| Untracked 
|  16|0x0000000088200000, 0x0000000088200000, 0x0000000088300000|  0%| F|  |TAMS 0x0000000088200000, 0x0000000088200000| Untracked 
|  17|0x0000000088300000, 0x0000000088300000, 0x0000000088400000|  0%| F|  |TAMS 0x0000000088300000, 0x0000000088300000| Untracked 
|  18|0x0000000088400000, 0x0000000088400000, 0x0000000088500000|  0%| F|  |TAMS 0x0000000088400000, 0x0000000088400000| Untracked 
|  19|0x0000000088500000, 0x0000000088500000, 0x0000000088600000|  0%| F|  |TAMS 0x0000000088500000, 0x0000000088500000| Untracked 
|  20|0x0000000088600000, 0x0000000088600000, 0x0000000088700000|  0%| F|  |TAMS 0x0000000088600000, 0x0000000088600000| Untracked 
|  21|0x0000000088700000, 0x0000000088700000, 0x0000000088800000|  0%| F|  |TAMS 0x0000000088700000, 0x0000000088700000| Untracked 
|  22|0x0000000088800000, 0x0000000088800000, 0x0000000088900000|  0%| F|  |TAMS 0x0000000088800000, 0x0000000088800000| Untracked 
|  23|0x0000000088900000, 0x0000000088900000, 0x0000000088a00000|  0%| F|  |TAMS 0x0000000088900000, 0x0000000088900000| Untracked 
|  24|0x0000000088a00000, 0x0000000088a00000, 0x0000000088b00000|  0%| F|  |TAMS 0x0000000088a00000, 0x0000000088a00000| Untracked 
|  25|0x0000000088b00000, 0x0000000088b00000, 0x0000000088c00000|  0%| F|  |TAMS 0x0000000088b00000, 0x0000000088b00000| Untracked 
|  26|0x0000000088c00000, 0x0000000088c00000, 0x0000000088d00000|  0%| F|  |TAMS 0x0000000088c00000, 0x0000000088c00000| Untracked 
|  27|0x0000000088d00000, 0x0000000088d00000, 0x0000000088e00000|  0%| F|  |TAMS 0x0000000088d00000, 0x0000000088d00000| Untracked 
|  28|0x0000000088e00000, 0x0000000088e00000, 0x0000000088f00000|  0%| F|  |TAMS 0x0000000088e00000, 0x0000000088e00000| Untracked 
|  29|0x0000000088f00000, 0x0000000088f00000, 0x0000000089000000|  0%| F|  |TAMS 0x0000000088f00000, 0x0000000088f00000| Untracked 
|  30|0x0000000089000000, 0x0000000089000000, 0x0000000089100000|  0%| F|  |TAMS 0x0000000089000000, 0x0000000089000000| Untracked 
|  31|0x0000000089100000, 0x0000000089100000, 0x0000000089200000|  0%| F|  |TAMS 0x0000000089100000, 0x0000000089100000| Untracked 
|  32|0x0000000089200000, 0x0000000089200000, 0x0000000089300000|  0%| F|  |TAMS 0x0000000089200000, 0x0000000089200000| Untracked 
|  33|0x0000000089300000, 0x0000000089300000, 0x0000000089400000|  0%| F|  |TAMS 0x0000000089300000, 0x0000000089300000| Untracked 
|  34|0x0000000089400000, 0x0000000089400000, 0x0000000089500000|  0%| F|  |TAMS 0x0000000089400000, 0x0000000089400000| Untracked 
|  35|0x0000000089500000, 0x0000000089500000, 0x0000000089600000|  0%| F|  |TAMS 0x0000000089500000, 0x0000000089500000| Untracked 
|  36|0x0000000089600000, 0x0000000089600000, 0x0000000089700000|  0%| F|  |TAMS 0x0000000089600000, 0x0000000089600000| Untracked 
|  37|0x0000000089700000, 0x0000000089700000, 0x0000000089800000|  0%| F|  |TAMS 0x0000000089700000, 0x0000000089700000| Untracked 
|  38|0x0000000089800000, 0x0000000089800000, 0x0000000089900000|  0%| F|  |TAMS 0x0000000089800000, 0x0000000089800000| Untracked 
|  39|0x0000000089900000, 0x0000000089900000, 0x0000000089a00000|  0%| F|  |TAMS 0x0000000089900000, 0x0000000089900000| Untracked 
|  40|0x0000000089a00000, 0x0000000089a00000, 0x0000000089b00000|  0%| F|  |TAMS 0x0000000089a00000, 0x0000000089a00000| Untracked 
|  41|0x0000000089b00000, 0x0000000089b00000, 0x0000000089c00000|  0%| F|  |TAMS 0x0000000089b00000, 0x0000000089b00000| Untracked 
|  42|0x0000000089c00000, 0x0000000089c00000, 0x0000000089d00000|  0%| F|  |TAMS 0x0000000089c00000, 0x0000000089c00000| Untracked 
|  43|0x0000000089d00000, 0x0000000089d00000, 0x0000000089e00000|  0%| F|  |TAMS 0x0000000089d00000, 0x0000000089d00000| Untracked 
|  44|0x0000000089e00000, 0x0000000089e00000, 0x0000000089f00000|  0%| F|  |TAMS 0x0000000089e00000, 0x0000000089e00000| Untracked 
|  45|0x0000000089f00000, 0x0000000089f00000, 0x000000008a000000|  0%| F|  |TAMS 0x0000000089f00000, 0x0000000089f00000| Untracked 
|  46|0x000000008a000000, 0x000000008a000000, 0x000000008a100000|  0%| F|  |TAMS 0x000000008a000000, 0x000000008a000000| Untracked 
|  47|0x000000008a100000, 0x000000008a100000, 0x000000008a200000|  0%| F|  |TAMS 0x000000008a100000, 0x000000008a100000| Untracked 
|  48|0x000000008a200000, 0x000000008a200000, 0x000000008a300000|  0%| F|  |TAMS 0x000000008a200000, 0x000000008a200000| Untracked 
|  49|0x000000008a300000, 0x000000008a300000, 0x000000008a400000|  0%| F|  |TAMS 0x000000008a300000, 0x000000008a300000| Untracked 
|  50|0x000000008a400000, 0x000000008a400000, 0x000000008a500000|  0%| F|  |TAMS 0x000000008a400000, 0x000000008a400000| Untracked 
|  51|0x000000008a500000, 0x000000008a500000, 0x000000008a600000|  0%| F|  |TAMS 0x000000008a500000, 0x000000008a500000| Untracked 
|  52|0x000000008a600000, 0x000000008a600000, 0x000000008a700000|  0%| F|  |TAMS 0x000000008a600000, 0x000000008a600000| Untracked 
|  53|0x000000008a700000, 0x000000008a7d5e20, 0x000000008a800000| 83%| S|CS|TAMS 0x000000008a700000, 0x000000008a700000| Complete 
|  54|0x000000008a800000, 0x000000008a900000, 0x000000008a900000|100%| S|CS|TAMS 0x000000008a800000, 0x000000008a800000| Complete 
|  55|0x000000008a900000, 0x000000008aa00000, 0x000000008aa00000|100%| S|CS|TAMS 0x000000008a900000, 0x000000008a900000| Complete 
|  56|0x000000008aa00000, 0x000000008ab00000, 0x000000008ab00000|100%| S|CS|TAMS 0x000000008aa00000, 0x000000008aa00000| Complete 
|  57|0x000000008ab00000, 0x000000008ac00000, 0x000000008ac00000|100%| S|CS|TAMS 0x000000008ab00000, 0x000000008ab00000| Complete 
|  58|0x000000008ac00000, 0x000000008ad00000, 0x000000008ad00000|100%| S|CS|TAMS 0x000000008ac00000, 0x000000008ac00000| Complete 
|  59|0x000000008ad00000, 0x000000008ae00000, 0x000000008ae00000|100%| S|CS|TAMS 0x000000008ad00000, 0x000000008ad00000| Complete 
|  60|0x000000008ae00000, 0x000000008ae00000, 0x000000008af00000|  0%| F|  |TAMS 0x000000008ae00000, 0x000000008ae00000| Untracked 
|  61|0x000000008af00000, 0x000000008af00000, 0x000000008b000000|  0%| F|  |TAMS 0x000000008af00000, 0x000000008af00000| Untracked 
|  62|0x000000008b000000, 0x000000008b000000, 0x000000008b100000|  0%| F|  |TAMS 0x000000008b000000, 0x000000008b000000| Untracked 
|  63|0x000000008b100000, 0x000000008b100000, 0x000000008b200000|  0%| F|  |TAMS 0x000000008b100000, 0x000000008b100000| Untracked 
|  64|0x000000008b200000, 0x000000008b200000, 0x000000008b300000|  0%| F|  |TAMS 0x000000008b200000, 0x000000008b200000| Untracked 
|  65|0x000000008b300000, 0x000000008b300000, 0x000000008b400000|  0%| F|  |TAMS 0x000000008b300000, 0x000000008b300000| Untracked 
|  66|0x000000008b400000, 0x000000008b400000, 0x000000008b500000|  0%| F|  |TAMS 0x000000008b400000, 0x000000008b400000| Untracked 
|  67|0x000000008b500000, 0x000000008b500000, 0x000000008b600000|  0%| F|  |TAMS 0x000000008b500000, 0x000000008b500000| Untracked 
|  68|0x000000008b600000, 0x000000008b600000, 0x000000008b700000|  0%| F|  |TAMS 0x000000008b600000, 0x000000008b600000| Untracked 
|  69|0x000000008b700000, 0x000000008b700000, 0x000000008b800000|  0%| F|  |TAMS 0x000000008b700000, 0x000000008b700000| Untracked 
|  70|0x000000008b800000, 0x000000008b800000, 0x000000008b900000|  0%| F|  |TAMS 0x000000008b800000, 0x000000008b800000| Untracked 
|  71|0x000000008b900000, 0x000000008b900000, 0x000000008ba00000|  0%| F|  |TAMS 0x000000008b900000, 0x000000008b900000| Untracked 
|  72|0x000000008ba00000, 0x000000008ba00000, 0x000000008bb00000|  0%| F|  |TAMS 0x000000008ba00000, 0x000000008ba00000| Untracked 
|  73|0x000000008bb00000, 0x000000008bb00000, 0x000000008bc00000|  0%| F|  |TAMS 0x000000008bb00000, 0x000000008bb00000| Untracked 
|  74|0x000000008bc00000, 0x000000008bc00000, 0x000000008bd00000|  0%| F|  |TAMS 0x000000008bc00000, 0x000000008bc00000| Untracked 
|  75|0x000000008bd00000, 0x000000008bd00000, 0x000000008be00000|  0%| F|  |TAMS 0x000000008bd00000, 0x000000008bd00000| Untracked 
|  76|0x000000008be00000, 0x000000008bf00000, 0x000000008bf00000|100%| E|  |TAMS 0x000000008be00000, 0x000000008be00000| Complete 
|  77|0x000000008bf00000, 0x000000008c000000, 0x000000008c000000|100%| E|CS|TAMS 0x000000008bf00000, 0x000000008bf00000| Complete 
|  78|0x000000008c000000, 0x000000008c100000, 0x000000008c100000|100%| E|CS|TAMS 0x000000008c000000, 0x000000008c000000| Complete 
|  79|0x000000008c100000, 0x000000008c200000, 0x000000008c200000|100%| E|CS|TAMS 0x000000008c100000, 0x000000008c100000| Complete 
|  80|0x000000008c200000, 0x000000008c300000, 0x000000008c300000|100%| E|CS|TAMS 0x000000008c200000, 0x000000008c200000| Complete 
|  81|0x000000008c300000, 0x000000008c400000, 0x000000008c400000|100%| E|CS|TAMS 0x000000008c300000, 0x000000008c300000| Complete 
|  82|0x000000008c400000, 0x000000008c500000, 0x000000008c500000|100%| E|CS|TAMS 0x000000008c400000, 0x000000008c400000| Complete 
|  83|0x000000008c500000, 0x000000008c600000, 0x000000008c600000|100%| E|CS|TAMS 0x000000008c500000, 0x000000008c500000| Complete 
|  84|0x000000008c600000, 0x000000008c700000, 0x000000008c700000|100%| E|CS|TAMS 0x000000008c600000, 0x000000008c600000| Complete 
|  85|0x000000008c700000, 0x000000008c800000, 0x000000008c800000|100%| E|CS|TAMS 0x000000008c700000, 0x000000008c700000| Complete 
|  86|0x000000008c800000, 0x000000008c900000, 0x000000008c900000|100%| E|CS|TAMS 0x000000008c800000, 0x000000008c800000| Complete 
|  87|0x000000008c900000, 0x000000008ca00000, 0x000000008ca00000|100%| E|CS|TAMS 0x000000008c900000, 0x000000008c900000| Complete 
|  88|0x000000008ca00000, 0x000000008cb00000, 0x000000008cb00000|100%| E|CS|TAMS 0x000000008ca00000, 0x000000008ca00000| Complete 
|  89|0x000000008cb00000, 0x000000008cc00000, 0x000000008cc00000|100%| E|CS|TAMS 0x000000008cb00000, 0x000000008cb00000| Complete 
|  90|0x000000008cc00000, 0x000000008cd00000, 0x000000008cd00000|100%| E|CS|TAMS 0x000000008cc00000, 0x000000008cc00000| Complete 
|  91|0x000000008cd00000, 0x000000008ce00000, 0x000000008ce00000|100%| E|CS|TAMS 0x000000008cd00000, 0x000000008cd00000| Complete 
|  92|0x000000008ce00000, 0x000000008cf00000, 0x000000008cf00000|100%| E|CS|TAMS 0x000000008ce00000, 0x000000008ce00000| Complete 
|  93|0x000000008cf00000, 0x000000008d000000, 0x000000008d000000|100%| E|CS|TAMS 0x000000008cf00000, 0x000000008cf00000| Complete 
|  94|0x000000008d000000, 0x000000008d100000, 0x000000008d100000|100%| E|CS|TAMS 0x000000008d000000, 0x000000008d000000| Complete 
|  95|0x000000008d100000, 0x000000008d200000, 0x000000008d200000|100%| E|CS|TAMS 0x000000008d100000, 0x000000008d100000| Complete 
|  96|0x000000008d200000, 0x000000008d300000, 0x000000008d300000|100%| E|CS|TAMS 0x000000008d200000, 0x000000008d200000| Complete 
|  97|0x000000008d300000, 0x000000008d400000, 0x000000008d400000|100%| E|CS|TAMS 0x000000008d300000, 0x000000008d300000| Complete 
|  98|0x000000008d400000, 0x000000008d500000, 0x000000008d500000|100%| E|CS|TAMS 0x000000008d400000, 0x000000008d400000| Complete 
|  99|0x000000008d500000, 0x000000008d600000, 0x000000008d600000|100%| E|CS|TAMS 0x000000008d500000, 0x000000008d500000| Complete 
| 100|0x000000008d600000, 0x000000008d700000, 0x000000008d700000|100%| E|CS|TAMS 0x000000008d600000, 0x000000008d600000| Complete 
| 101|0x000000008d700000, 0x000000008d800000, 0x000000008d800000|100%| E|CS|TAMS 0x000000008d700000, 0x000000008d700000| Complete 
| 102|0x000000008d800000, 0x000000008d900000, 0x000000008d900000|100%| E|CS|TAMS 0x000000008d800000, 0x000000008d800000| Complete 
| 103|0x000000008d900000, 0x000000008da00000, 0x000000008da00000|100%| E|CS|TAMS 0x000000008d900000, 0x000000008d900000| Complete 
| 104|0x000000008da00000, 0x000000008db00000, 0x000000008db00000|100%| E|CS|TAMS 0x000000008da00000, 0x000000008da00000| Complete 
| 105|0x000000008db00000, 0x000000008dc00000, 0x000000008dc00000|100%| E|CS|TAMS 0x000000008db00000, 0x000000008db00000| Complete 
| 106|0x000000008dc00000, 0x000000008dd00000, 0x000000008dd00000|100%| E|CS|TAMS 0x000000008dc00000, 0x000000008dc00000| Complete 
| 107|0x000000008dd00000, 0x000000008de00000, 0x000000008de00000|100%| E|CS|TAMS 0x000000008dd00000, 0x000000008dd00000| Complete 
| 108|0x000000008de00000, 0x000000008df00000, 0x000000008df00000|100%| E|CS|TAMS 0x000000008de00000, 0x000000008de00000| Complete 
| 109|0x000000008df00000, 0x000000008e000000, 0x000000008e000000|100%| E|CS|TAMS 0x000000008df00000, 0x000000008df00000| Complete 
| 110|0x000000008e000000, 0x000000008e100000, 0x000000008e100000|100%| E|CS|TAMS 0x000000008e000000, 0x000000008e000000| Complete 
| 111|0x000000008e100000, 0x000000008e200000, 0x000000008e200000|100%| E|CS|TAMS 0x000000008e100000, 0x000000008e100000| Complete 
| 112|0x000000008e200000, 0x000000008e300000, 0x000000008e300000|100%| E|CS|TAMS 0x000000008e200000, 0x000000008e200000| Complete 
| 113|0x000000008e300000, 0x000000008e400000, 0x000000008e400000|100%| E|CS|TAMS 0x000000008e300000, 0x000000008e300000| Complete 
| 114|0x000000008e400000, 0x000000008e500000, 0x000000008e500000|100%| E|CS|TAMS 0x000000008e400000, 0x000000008e400000| Complete 
| 115|0x000000008e500000, 0x000000008e600000, 0x000000008e600000|100%| E|CS|TAMS 0x000000008e500000, 0x000000008e500000| Complete 
| 116|0x000000008e600000, 0x000000008e700000, 0x000000008e700000|100%| E|CS|TAMS 0x000000008e600000, 0x000000008e600000| Complete 
| 117|0x000000008e700000, 0x000000008e800000, 0x000000008e800000|100%| E|CS|TAMS 0x000000008e700000, 0x000000008e700000| Complete 
| 118|0x000000008e800000, 0x000000008e900000, 0x000000008e900000|100%| E|CS|TAMS 0x000000008e800000, 0x000000008e800000| Complete 
| 119|0x000000008e900000, 0x000000008ea00000, 0x000000008ea00000|100%| E|CS|TAMS 0x000000008e900000, 0x000000008e900000| Complete 
| 120|0x000000008ea00000, 0x000000008eb00000, 0x000000008eb00000|100%| E|CS|TAMS 0x000000008ea00000, 0x000000008ea00000| Complete 
| 121|0x000000008eb00000, 0x000000008ec00000, 0x000000008ec00000|100%| E|CS|TAMS 0x000000008eb00000, 0x000000008eb00000| Complete 

Card table byte_map: [0x00000286f7ca0000,0x00000286f8070000] _byte_map_base: 0x00000286f7867000

Marking Bits (Prev, Next): (CMBitMap*) 0x00000286df076860, (CMBitMap*) 0x00000286df076828
 Prev Bits: [0x00000286fa280000, 0x00000286fc0b8000)
 Next Bits: [0x00000286f8440000, 0x00000286fa278000)

Polling page: 0x00000286df120000

Metaspace:

Usage:
  Non-class:     24.90 MB capacity,    24.59 MB ( 99%) used,   283.14 KB (  1%) free+waste,    34.75 KB ( <1%) overhead. 
      Class:      3.19 MB capacity,     3.03 MB ( 95%) used,   157.08 KB (  5%) free+waste,    14.31 KB ( <1%) overhead. 
       Both:     28.09 MB capacity,    27.62 MB ( 98%) used,   440.22 KB (  2%) free+waste,    49.06 KB ( <1%) overhead. 

Virtual space:
  Non-class space:       26.00 MB reserved,      24.92 MB ( 96%) committed 
      Class space:        1.00 GB reserved,       3.25 MB ( <1%) committed 
             Both:        1.03 GB reserved,      28.17 MB (  3%) committed 

Chunk freelists:
   Non-Class:  2.75 KB
       Class:  3.25 KB
        Both:  6.00 KB

CodeHeap 'non-profiled nmethods': size=120000Kb used=1683Kb max_used=1683Kb free=118316Kb
 bounds [0x00000286ef930000, 0x00000286efba0000, 0x00000286f6e60000]
CodeHeap 'profiled nmethods': size=120000Kb used=7487Kb max_used=7487Kb free=112512Kb
 bounds [0x00000286e8400000, 0x00000286e8b50000, 0x00000286ef930000]
CodeHeap 'non-nmethods': size=5760Kb used=1143Kb max_used=1173Kb free=4616Kb
 bounds [0x00000286e7e60000, 0x00000286e80d0000, 0x00000286e8400000]
 total_blobs=4032 nmethods=3555 adapters=388
 compilation: enabled
              stopped_count=0, restarted_count=0
 full_count=0

Compilation events (10 events):
Event: 138.512 Thread 0x00000286feba5800 nmethod 3572 0x00000286efad4710 code [0x00000286efad4880, 0x00000286efad4ab8]
Event: 138.512 Thread 0x00000286feba5800 3576       4       org.eclipse.aether.artifact.DefaultArtifact::emptify (11 bytes)
Event: 138.513 Thread 0x00000286feba5800 nmethod 3576 0x00000286efad4b90 code [0x00000286efad4d00, 0x00000286efad4d58]
Event: 139.217 Thread 0x00000286feba6800 3585       3       org.eclipse.aether.util.graph.selector.AndDependencySelector::selectDependency (46 bytes)
Event: 139.217 Thread 0x00000286feba6800 nmethod 3585 0x00000286e8b4ea10 code [0x00000286e8b4ec00, 0x00000286e8b4f218]
Event: 139.232 Thread 0x00000286feba6800 3586       3       java.util.concurrent.ConcurrentHashMap::containsKey (14 bytes)
Event: 139.232 Thread 0x00000286feba6800 nmethod 3586 0x00000286e8b4f410 code [0x00000286e8b4f5c0, 0x00000286e8b4f768]
Event: 139.232 Thread 0x00000286feba6800 3587       3       org.apache.maven.model.Model::getLicenses (23 bytes)
Event: 139.233 Thread 0x00000286feba6800 nmethod 3587 0x00000286e8b4f810 code [0x00000286e8b4f9e0, 0x00000286e8b4fdd8]
Event: 139.233 Thread 0x00000286feba6800 3589       3       org.apache.maven.model.path.DefaultUrlNormalizer::normalize (122 bytes)

GC Heap History (4 events):
Event: 9.266 GC heap before
{Heap before GC invocations=0 (full 0):
 garbage-first heap   total 124928K, used 24576K [0x0000000087200000, 0x0000000100000000)
  region size 1024K, 24 young (24576K), 0 survivors (0K)
 Metaspace       used 12291K, capacity 12468K, committed 12672K, reserved 1060864K
  class space    used 1240K, capacity 1348K, committed 1408K, reserved 1048576K
}
Event: 9.556 GC heap after
{Heap after GC invocations=1 (full 0):
 garbage-first heap   total 124928K, used 3483K [0x0000000087200000, 0x0000000100000000)
  region size 1024K, 3 young (3072K), 3 survivors (3072K)
 Metaspace       used 12291K, capacity 12468K, committed 12672K, reserved 1060864K
  class space    used 1240K, capacity 1348K, committed 1408K, reserved 1048576K
}
Event: 30.585 GC heap before
{Heap before GC invocations=1 (full 0):
 garbage-first heap   total 124928K, used 62875K [0x0000000087200000, 0x0000000100000000)
  region size 1024K, 62 young (63488K), 3 survivors (3072K)
 Metaspace       used 20794K, capacity 21181K, committed 21296K, reserved 1069056K
  class space    used 2232K, capacity 2385K, committed 2432K, reserved 1048576K
}
Event: 30.613 GC heap after
{Heap after GC invocations=2 (full 0):
 garbage-first heap   total 124928K, used 7410K [0x0000000087200000, 0x0000000100000000)
  region size 1024K, 7 young (7168K), 7 survivors (7168K)
 Metaspace       used 20794K, capacity 21181K, committed 21296K, reserved 1069056K
  class space    used 2232K, capacity 2385K, committed 2432K, reserved 1048576K
}

Deoptimization events (10 events):
Event: 120.838 Thread 0x00000286df03c000 Uncommon trap: reason=profile_predicate action=maybe_recompile pc=0x00000286efa96120 method=java.util.regex.Pattern$CharPropertyGreedy.match(Ljava/util/regex/Matcher;ILjava/lang/CharSequence;)Z @ 70 c2
Event: 123.829 Thread 0x00000286df03c000 Uncommon trap: reason=unstable_if action=reinterpret pc=0x00000286ef93a19c method=java.lang.String.indexOf(II)I @ 4 c2
Event: 123.830 Thread 0x00000286df03c000 Uncommon trap: reason=unstable_if action=reinterpret pc=0x00000286ef955d6c method=java.lang.String.substring(II)Ljava/lang/String; @ 31 c2
Event: 124.205 Thread 0x00000286df03c000 Uncommon trap: reason=unstable_if action=reinterpret pc=0x00000286efa7b4e4 method=org.codehaus.plexus.util.xml.pull.MXParser.nextImpl()I @ 972 c2
Event: 125.369 Thread 0x00000286df03c000 Uncommon trap: reason=class_check action=maybe_recompile pc=0x00000286efa8e098 method=java.nio.charset.CharsetDecoder.decode(Ljava/nio/ByteBuffer;Ljava/nio/CharBuffer;Z)Ljava/nio/charset/CoderResult; @ 57 c2
Event: 125.376 Thread 0x00000286df03c000 Uncommon trap: reason=class_check action=maybe_recompile pc=0x00000286efa8e098 method=java.nio.charset.CharsetDecoder.decode(Ljava/nio/ByteBuffer;Ljava/nio/CharBuffer;Z)Ljava/nio/charset/CoderResult; @ 57 c2
Event: 125.391 Thread 0x00000286df03c000 Uncommon trap: reason=class_check action=maybe_recompile pc=0x00000286efa8e098 method=java.nio.charset.CharsetDecoder.decode(Ljava/nio/ByteBuffer;Ljava/nio/CharBuffer;Z)Ljava/nio/charset/CoderResult; @ 57 c2
Event: 125.645 Thread 0x00000286df03c000 Uncommon trap: reason=class_check action=maybe_recompile pc=0x00000286efa8e098 method=java.nio.charset.CharsetDecoder.decode(Ljava/nio/ByteBuffer;Ljava/nio/CharBuffer;Z)Ljava/nio/charset/CoderResult; @ 57 c2
Event: 127.099 Thread 0x00000286df03c000 Uncommon trap: reason=unstable_if action=reinterpret pc=0x00000286ef9b7514 method=java.util.HashMap.hash(Ljava/lang/Object;)I @ 1 c2
Event: 127.191 Thread 0x00000286df03c000 Uncommon trap: reason=unstable_if action=reinterpret pc=0x00000286ef9adb60 method=java.util.HashMap.getNode(ILjava/lang/Object;)Ljava/util/HashMap$Node; @ 53 c2

Classes redefined (0 events):
No events

Internal exceptions (10 events):
Event: 25.308 Thread 0x00000286df03c000 Exception <a 'java/lang/NoSuchMethodError'{0x000000008c1c0668}: java.lang.invoke.DirectMethodHandle$Holder.invokeStaticInit(Ljava/lang/Object;IIII)Ljava/lang/Object;> (0x000000008c1c0668) thrown at [./open/src/hotspot/share/interpreter/linkResolver.cpp, l
Event: 30.649 Thread 0x00000286df03c000 Exception <a 'sun/nio/fs/WindowsException'{0x000000008eb43378}> (0x000000008eb43378) thrown at [./open/src/hotspot/share/prims/jni.cpp, line 611]
Event: 30.673 Thread 0x00000286df03c000 Implicit null exception at 0x00000286ef9d4760 to 0x00000286ef9d7384
Event: 30.685 Thread 0x00000286df03c000 Exception <a 'java/lang/NoSuchMethodError'{0x000000008eb65fe0}: java.lang.invoke.DirectMethodHandle$Holder.invokeStaticInit(Ljava/lang/Object;Ljava/lang/Object;Ljava/lang/Object;Ljava/lang/Object;)I> (0x000000008eb65fe0) thrown at [./open/src/hotspot/shar
Event: 30.689 Thread 0x00000286df03c000 Exception <a 'java/lang/IncompatibleClassChangeError'{0x000000008eb6fdb8}: Found class java.lang.Object, but interface was expected> (0x000000008eb6fdb8) thrown at [./open/src/hotspot/share/interpreter/linkResolver.cpp, line 838]
Event: 30.690 Thread 0x00000286df03c000 Exception <a 'java/lang/NoSuchMethodError'{0x000000008eb73578}: java.lang.invoke.DirectMethodHandle$Holder.invokeStaticInit(Ljava/lang/Object;Ljava/lang/Object;)V> (0x000000008eb73578) thrown at [./open/src/hotspot/share/interpreter/linkResolver.cpp, line
Event: 30.692 Thread 0x00000286df03c000 Exception <a 'java/lang/NoSuchMethodError'{0x000000008eb79990}: java.lang.invoke.DirectMethodHandle$Holder.invokeStaticInit(Ljava/lang/Object;Ljava/lang/Object;)I> (0x000000008eb79990) thrown at [./open/src/hotspot/share/interpreter/linkResolver.cpp, line
Event: 38.964 Thread 0x00000286df03c000 Exception <a 'java/lang/NoSuchMethodError'{0x000000008e45b498}: java.lang.invoke.DirectMethodHandle$Holder.invokeStaticInit(Ljava/lang/Object;Ljava/lang/Object;IIII)Ljava/lang/Object;> (0x000000008e45b498) thrown at [./open/src/hotspot/share/interpreter/l
Event: 39.655 Thread 0x00000286df03c000 Implicit null exception at 0x00000286efa210d4 to 0x00000286efa21410
Event: 127.098 Thread 0x00000286df03c000 Implicit null exception at 0x00000286ef9b7355 to 0x00000286ef9b7504

Events (10 events):
Event: 129.166 loading class org/apache/maven/plugin/CacheUtils
Event: 129.166 loading class org/apache/maven/plugin/CacheUtils done
Event: 129.169 loading class org/apache/maven/plugin/internal/PlexusUtilsInjector
Event: 129.169 loading class org/apache/maven/plugin/internal/PlexusUtilsInjector done
Event: 129.181 loading class org/apache/maven/plugin/internal/WagonExcluder
Event: 129.181 loading class org/apache/maven/plugin/internal/WagonExcluder done
Event: 137.824 loading class org/eclipse/aether/graph/Dependency$Exclusions$1
Event: 137.824 loading class org/eclipse/aether/graph/Dependency$Exclusions$1 done
Event: 137.828 loading class org/eclipse/aether/util/graph/selector/ExclusionDependencySelector$ExclusionComparator
Event: 137.828 loading class org/eclipse/aether/util/graph/selector/ExclusionDependencySelector$ExclusionComparator done


Dynamic libraries:
0x00007ff6c9fa0000 - 0x00007ff6c9faf000 	C:\Program Files\Java\jdk-11.0.13\bin\java.exe
0x00007ff90fe70000 - 0x00007ff910065000 	C:\WINDOWS\SYSTEM32\ntdll.dll
0x00007ff90fa80000 - 0x00007ff90fb3e000 	C:\WINDOWS\System32\KERNEL32.DLL
0x00007ff90d590000 - 0x00007ff90d859000 	C:\WINDOWS\System32\KERNELBASE.dll
0x00007ff90da70000 - 0x00007ff90db70000 	C:\WINDOWS\System32\ucrtbase.dll
0x00007ff906fb0000 - 0x00007ff906fc8000 	C:\Program Files\Java\jdk-11.0.13\bin\jli.dll
0x00007ff90f930000 - 0x00007ff90f9dc000 	C:\WINDOWS\System32\ADVAPI32.dll
0x00007ff90e070000 - 0x00007ff90e10e000 	C:\WINDOWS\System32\msvcrt.dll
0x00007ff90f7b0000 - 0x00007ff90f84b000 	C:\WINDOWS\System32\sechost.dll
0x00007ff90fcf0000 - 0x00007ff90fe1a000 	C:\WINDOWS\System32\RPCRT4.dll
0x00007ff90fb40000 - 0x00007ff90fce1000 	C:\WINDOWS\System32\USER32.dll
0x00007ff90db70000 - 0x00007ff90db92000 	C:\WINDOWS\System32\win32u.dll
0x00007ff90e950000 - 0x00007ff90e97b000 	C:\WINDOWS\System32\GDI32.dll
0x00007ff90ddb0000 - 0x00007ff90debb000 	C:\WINDOWS\System32\gdi32full.dll
0x00007ff90d9a0000 - 0x00007ff90da3d000 	C:\WINDOWS\System32\msvcp_win.dll
0x00007ff908d50000 - 0x00007ff908d65000 	C:\Program Files\Java\jdk-11.0.13\bin\VCRUNTIME140.dll
0x00007ff9026b0000 - 0x00007ff90294a000 	C:\WINDOWS\WinSxS\amd64_microsoft.windows.common-controls_6595b64144ccf1df_6.0.19041.1110_none_60b5254171f9507e\COMCTL32.dll
0x00007ff9057c0000 - 0x00007ff9057ca000 	C:\WINDOWS\SYSTEM32\VERSION.dll
0x00007ff90e870000 - 0x00007ff90e8a0000 	C:\WINDOWS\System32\IMM32.DLL
0x00007ff8d3b00000 - 0x00007ff8d3b9b000 	C:\Program Files\Java\jdk-11.0.13\bin\msvcp140.dll
0x00007ff880970000 - 0x00007ff881483000 	C:\Program Files\Java\jdk-11.0.13\bin\server\jvm.dll
0x00007ff90fa70000 - 0x00007ff90fa78000 	C:\WINDOWS\System32\PSAPI.DLL
0x00007ff8f5b10000 - 0x00007ff8f5b19000 	C:\WINDOWS\SYSTEM32\WSOCK32.dll
0x00007ff90f290000 - 0x00007ff90f2fb000 	C:\WINDOWS\System32\WS2_32.dll
0x00007ff904090000 - 0x00007ff9040b7000 	C:\WINDOWS\SYSTEM32\WINMM.dll
0x00007ff90be10000 - 0x00007ff90be22000 	C:\WINDOWS\SYSTEM32\kernel.appcore.dll
0x00007ff8f0090000 - 0x00007ff8f00a0000 	C:\Program Files\Java\jdk-11.0.13\bin\verify.dll
0x00007ff8fc450000 - 0x00007ff8fc634000 	C:\WINDOWS\SYSTEM32\DBGHELP.DLL
0x00007ff8fc420000 - 0x00007ff8fc44c000 	C:\WINDOWS\SYSTEM32\dbgcore.DLL
0x00007ff90d8c0000 - 0x00007ff90d943000 	C:\WINDOWS\System32\bcryptPrimitives.dll
0x00007ff8ff9b0000 - 0x00007ff8ff9d8000 	C:\Program Files\Java\jdk-11.0.13\bin\java.dll
0x00007ff8f0000000 - 0x00007ff8f000a000 	C:\Program Files\Java\jdk-11.0.13\bin\jimage.dll
0x00007ff8e7d20000 - 0x00007ff8e7d36000 	C:\Program Files\Java\jdk-11.0.13\bin\zip.dll
0x00007ff90ea90000 - 0x00007ff90f1cf000 	C:\WINDOWS\System32\SHELL32.dll
0x00007ff90b400000 - 0x00007ff90bb90000 	C:\WINDOWS\SYSTEM32\windows.storage.dll
0x00007ff90e310000 - 0x00007ff90e665000 	C:\WINDOWS\System32\combase.dll
0x00007ff90cf10000 - 0x00007ff90cf3c000 	C:\WINDOWS\SYSTEM32\Wldp.dll
0x00007ff90e8a0000 - 0x00007ff90e94d000 	C:\WINDOWS\System32\SHCORE.dll
0x00007ff90e980000 - 0x00007ff90e9d5000 	C:\WINDOWS\System32\shlwapi.dll
0x00007ff90d4d0000 - 0x00007ff90d4ef000 	C:\WINDOWS\SYSTEM32\profapi.dll
0x00007ff8d67d0000 - 0x00007ff8d67e9000 	C:\Program Files\Java\jdk-11.0.13\bin\net.dll
0x00007ff9034e0000 - 0x00007ff9035e8000 	C:\WINDOWS\SYSTEM32\WINHTTP.dll
0x00007ff90cc70000 - 0x00007ff90ccda000 	C:\WINDOWS\system32\mswsock.dll
0x00007ff8d43b0000 - 0x00007ff8d43c2000 	C:\Program Files\Java\jdk-11.0.13\bin\nio.dll
0x00007ff8ea700000 - 0x00007ff8ea70a000 	C:\Program Files\NetBeans-12.5\netbeans\java\maven\lib\jansi-native\windows64\jansi.dll
0x00007ff8ff9e0000 - 0x00007ff8ff9ed000 	C:\Program Files\Java\jdk-11.0.13\bin\sunmscapi.dll
0x00007ff90dba0000 - 0x00007ff90dcf6000 	C:\WINDOWS\System32\CRYPT32.dll
0x00007ff90cf80000 - 0x00007ff90cfa7000 	C:\WINDOWS\SYSTEM32\ncrypt.dll
0x00007ff90cf40000 - 0x00007ff90cf7b000 	C:\WINDOWS\SYSTEM32\NTASN1.dll
0x00007ff8ff9f0000 - 0x00007ff8ffa15000 	C:\Program Files\Java\jdk-11.0.13\bin\sunec.dll
0x00007ff90ce60000 - 0x00007ff90ce78000 	C:\WINDOWS\SYSTEM32\CRYPTSP.dll
0x00007ff90c5f0000 - 0x00007ff90c624000 	C:\WINDOWS\system32\rsaenh.dll
0x00007ff90da40000 - 0x00007ff90da67000 	C:\WINDOWS\System32\bcrypt.dll
0x00007ff90d490000 - 0x00007ff90d4be000 	C:\WINDOWS\SYSTEM32\USERENV.dll
0x00007ff90ce80000 - 0x00007ff90ce8c000 	C:\WINDOWS\SYSTEM32\CRYPTBASE.dll
0x00007ff90c960000 - 0x00007ff90c99b000 	C:\WINDOWS\SYSTEM32\IPHLPAPI.DLL
0x00007ff90fe20000 - 0x00007ff90fe28000 	C:\WINDOWS\System32\NSI.dll
0x00007ff904b20000 - 0x00007ff904b37000 	C:\WINDOWS\SYSTEM32\dhcpcsvc6.DLL
0x00007ff902950000 - 0x00007ff90296d000 	C:\WINDOWS\SYSTEM32\dhcpcsvc.DLL
0x00007ff90c9a0000 - 0x00007ff90ca6c000 	C:\WINDOWS\SYSTEM32\DNSAPI.dll
0x00007ff9061f0000 - 0x00007ff9061fa000 	C:\Windows\System32\rasadhlp.dll
0x00007ff901250000 - 0x00007ff9012cf000 	C:\WINDOWS\System32\fwpuclnt.dll

dbghelp: loaded successfully - version: 4.0.5 - missing functions: none
symbol engine: initialized successfully - sym options: 0x614 - pdb path: .;C:\Program Files\Java\jdk-11.0.13\bin;C:\WINDOWS\SYSTEM32;C:\WINDOWS\WinSxS\amd64_microsoft.windows.common-controls_6595b64144ccf1df_6.0.19041.1110_none_60b5254171f9507e;C:\Program Files\Java\jdk-11.0.13\bin\server;C:\Program Files\NetBeans-12.5\netbeans\java\maven\lib\jansi-native\windows64

VM Arguments:
jvm_args: -Dclassworlds.conf=C:\Program Files\NetBeans-12.5\netbeans\java\maven\bin\..\bin\m2.conf -Dmaven.home=C:\Program Files\NetBeans-12.5\netbeans\java\maven\bin\.. -Dlibrary.jansi.path=C:\Program Files\NetBeans-12.5\netbeans\java\maven\bin\..\lib\jansi-native -Dmaven.multiModuleProjectDirectory=C:\Users\Zaki\Documents\NetBeansProjects\ZacksTp1CustomerApp 
java_command: org.codehaus.plexus.classworlds.launcher.Launcher -Dmaven.ext.class.path=C:\Program Files\NetBeans-12.5\netbeans\java\maven-nblib\netbeans-eventspy.jar -Dfile.encoding=UTF-8 install
java_class_path (initial): C:\Program Files\NetBeans-12.5\netbeans\java\maven\bin\..\boot\plexus-classworlds-2.6.0.jar
Launcher Type: SUN_STANDARD

[Global flags]
     intx CICompilerCount                          = 4                                         {product} {ergonomic}
     uint ConcGCThreads                            = 2                                         {product} {ergonomic}
     uint G1ConcRefinementThreads                  = 8                                         {product} {ergonomic}
   size_t G1HeapRegionSize                         = 1048576                                   {product} {ergonomic}
    uintx GCDrainStackTargetSize                   = 64                                        {product} {ergonomic}
   size_t InitialHeapSize                          = 127926272                                 {product} {ergonomic}
   size_t MarkStackSize                            = 4194304                                   {product} {ergonomic}
   size_t MaxHeapSize                              = 2027945984                                {product} {ergonomic}
   size_t MaxNewSize                               = 1216348160                                {product} {ergonomic}
   size_t MinHeapDeltaBytes                        = 1048576                                   {product} {ergonomic}
    uintx NonNMethodCodeHeapSize                   = 5836300                                {pd product} {ergonomic}
    uintx NonProfiledCodeHeapSize                  = 122910970                              {pd product} {ergonomic}
    uintx ProfiledCodeHeapSize                     = 122910970                              {pd product} {ergonomic}
    uintx ReservedCodeCacheSize                    = 251658240                              {pd product} {ergonomic}
     bool SegmentedCodeCache                       = true                                      {product} {ergonomic}
     bool UseCompressedClassPointers               = true                                 {lp64_product} {ergonomic}
     bool UseCompressedOops                        = true                                 {lp64_product} {ergonomic}
     bool UseG1GC                                  = true                                      {product} {ergonomic}
     bool UseLargePagesIndividualAllocation        = false                                  {pd product} {ergonomic}

Logging:
Log output configuration:
 #0: stdout all=warning uptime,level,tags
 #1: stderr all=off uptime,level,tags

Environment Variables:
JAVA_HOME=C:\Program Files\Java\jdk-11.0.13
PATH=C:\Program Files\Eclipse Adoptium\jdk-11.0.13.8-hotspot\bin;C:\Program Files\Common Files\Oracle\Java\javapath;C:\oracle\product\10.2.0\db_1\bin;C:\Program Files (x86)\Common Files\Oracle\Java\javapath;C:\WINDOWS\system32;C:\WINDOWS;C:\WINDOWS\System32\Wbem;C:\WINDOWS\System32\WindowsPowerShell\v1.0\;C:\WINDOWS\System32\OpenSSH\;C:\Program Files\dotnet\;C:\Program Files\Microsoft SQL Server\130\Tools\Binn\;C:\Program Files\Microsoft SQL Server\Client SDK\ODBC\170\Tools\Binn\;C:\Program Files (x86)\Microsoft SQL Server\150\Tools\Binn\;C:\Program Files\Microsoft SQL Server\150\Tools\Binn\;C:\Program Files\Microsoft SQL Server\150\DTS\Binn\;C:\Program Files (x86)\Microsoft SQL Server\150\DTS\Binn\;C:\Program Files\Git\cmd;C:\Program Files (x86)\Microsoft SQL Server\110\DTS\Binn\;C:\Program Files (x86)\Microsoft SQL Server\120\DTS\Binn\;C:\Program Files (x86)\Microsoft SQL Server\130\DTS\Binn\;C:\Program Files (x86)\Microsoft SQL Server\140\DTS\Binn\;C:\Program Files\nodejs\;C:\ProgramData\chocolatey\bin;C:\Program Files\MySQL\MySQL Shell 8.0\bin\;C:\Program Files\Java\jdk-15.0.1\bin;C:\Users\Zaki\.dotnet\tools;C:\Program Files\Azure Data Studio\bin;C:\Users\Zaki\AppData\Local\Programs\Microsoft VS Code\bin;C:\Users\Zaki\AppData\Roaming\npm;C:\Users\Zaki\AppData\Local\Microsoft\WindowsApps;C:\Users\Zaki\Desktop\flutter\bin;
USERNAME=Zaki
OS=Windows_NT
PROCESSOR_IDENTIFIER=AMD64 Family 23 Model 17 Stepping 0, AuthenticAMD



---------------  S Y S T E M  ---------------

OS: Windows 10 , 64 bit Build 19041 (10.0.19041.1202)

CPU:total 8 (initial active 8) (8 cores per cpu, 2 threads per core) family 23 model 17 stepping 0 microcode 0x0, cmov, cx8, fxsr, mmx, sse, sse2, sse3, ssse3, sse4.1, sse4.2, popcnt, avx, avx2, aes, clmul, mmxext, 3dnowpref, lzcnt, sse4a, ht, tsc, tscinvbit, tscinv, bmi1, bmi2, adx, s

Memory: 4k page, system-wide physical 7735M (96M free)
TotalPageFile size 31287M (AvailPageFile size 36M)
current process WorkingSet (physical memory assigned to process): 68M, peak: 145M
current process commit charge ("private bytes"): 237M, peak: 248M

vm_info: Java HotSpot(TM) 64-Bit Server VM (11.0.13+10-LTS-370) for windows-amd64 JRE (11.0.13+10-LTS-370), built on Sep 15 2021 22:10:36 by "mach5one" with MS VC++ 15.9 (VS2017)

END.
